------------------------------------------------------------------------------------------------------------------------

[2024-02-28 09:53:00 #1 server] 
Server on port 6136 has started by 15788@DESKTOP-77D9MUV

[2024-02-28 09:53:02 #2 store] 
Database 'C:\Users\jonoo\Desktop\Cosas\Nueva carpeta\Rides24\src\main\resources\db\src\main\resources\rides.temp' is opened by 15788@DESKTOP-77D9MUV

------------------------------------------------------------------------------------------------------------------------

[2024-02-28 09:53:03 #1 type] 
Type domain.User is not enhanced.

[2024-02-28 09:53:03 #2 type] 
Type domain.Driver is not enhanced.

[2024-02-28 09:53:03 #3 type] 
Type domain.Ride is not enhanced.

[2024-02-28 09:53:03 #4 type] 
Type domain.Bidaiaria is not enhanced.

------------------------------------------------------------------------------------------------------------------------

[2024-02-28 10:04:55 #1 type] 
Type domain.User is not enhanced.

[2024-02-28 10:04:55 #2 type] 
Type domain.Driver is not enhanced.

[2024-02-28 10:04:55 #3 type] 
Type domain.Ride is not enhanced.

[2024-02-28 10:04:55 #4 type] 
Type domain.Bidaiaria is not enhanced.

------------------------------------------------------------------------------------------------------------------------

[2024-02-28 10:06:46 #1 type] 
Type domain.User is not enhanced.

[2024-02-28 10:06:46 #2 type] 
Type domain.Driver is not enhanced.

[2024-02-28 10:06:46 #3 type] 
Type domain.Ride is not enhanced.

[2024-02-28 10:06:46 #4 type] 
Type domain.Bidaiaria is not enhanced.

------------------------------------------------------------------------------------------------------------------------

[2024-02-28 10:21:52 #1 type] 
Type domain.User is not enhanced.

[2024-02-28 10:21:52 #2 type] 
Type domain.Driver is not enhanced.

[2024-02-28 10:21:52 #3 type] 
Type domain.Ride is not enhanced.

[2024-02-28 10:21:52 #4 type] 
Type domain.Bidaiaria is not enhanced.

------------------------------------------------------------------------------------------------------------------------

[2024-02-28 10:23:06 #1 type] 
Type domain.User is not enhanced.

[2024-02-28 10:23:06 #2 type] 
Type domain.Driver is not enhanced.

[2024-02-28 10:23:06 #3 type] 
Type domain.Ride is not enhanced.

[2024-02-28 10:23:06 #4 type] 
Type domain.Bidaiaria is not enhanced.

------------------------------------------------------------------------------------------------------------------------

[2024-02-28 10:26:44 #1 type] 
Type domain.User is not enhanced.

[2024-02-28 10:26:44 #2 type] 
Type domain.Driver is not enhanced.

[2024-02-28 10:26:44 #3 type] 
Type domain.Ride is not enhanced.

[2024-02-28 10:26:44 #4 type] 
Type domain.Bidaiaria is not enhanced.

------------------------------------------------------------------------------------------------------------------------

[2024-02-28 10:36:12 #1 type] 
Type domain.User is not enhanced.

[2024-02-28 10:36:12 #2 type] 
Type domain.Driver is not enhanced.

[2024-02-28 10:36:12 #3 type] 
Type domain.Ride is not enhanced.

[2024-02-28 10:36:12 #4 type] 
Type domain.Bidaiaria is not enhanced.

------------------------------------------------------------------------------------------------------------------------

[2024-02-28 10:38:57 #1 type] 
Type domain.User is not enhanced.

[2024-02-28 10:38:57 #2 type] 
Type domain.Driver is not enhanced.

[2024-02-28 10:38:57 #3 type] 
Type domain.Ride is not enhanced.

[2024-02-28 10:38:57 #4 type] 
Type domain.Bidaiaria is not enhanced.

------------------------------------------------------------------------------------------------------------------------

[2024-02-28 10:43:00 #1 type] 
Type domain.User is not enhanced.

[2024-02-28 10:43:00 #2 type] 
Type domain.Driver is not enhanced.

[2024-02-28 10:43:00 #3 type] 
Type domain.Ride is not enhanced.

[2024-02-28 10:43:00 #4 type] 
Type domain.Bidaiaria is not enhanced.

------------------------------------------------------------------------------------------------------------------------

[2024-02-28 10:45:37 #1 type] 
Type domain.User is not enhanced.

[2024-02-28 10:45:37 #2 type] 
Type domain.Driver is not enhanced.

[2024-02-28 10:45:37 #3 type] 
Type domain.Ride is not enhanced.

[2024-02-28 10:45:37 #4 type] 
Type domain.Bidaiaria is not enhanced.

------------------------------------------------------------------------------------------------------------------------

[2024-02-28 10:45:39 #1 type] 
Type domain.User is not enhanced.

[2024-02-28 10:45:39 #2 type] 
Type domain.Driver is not enhanced.

[2024-02-28 10:45:39 #3 type] 
Type domain.Ride is not enhanced.

[2024-02-28 10:45:39 #4 type] 
Type domain.Bidaiaria is not enhanced.

------------------------------------------------------------------------------------------------------------------------

[2024-02-28 10:45:44 #1 type] 
Type domain.User is not enhanced.

[2024-02-28 10:45:44 #2 type] 
Type domain.Driver is not enhanced.

[2024-02-28 10:45:44 #3 type] 
Type domain.Ride is not enhanced.

[2024-02-28 10:45:44 #4 type] 
Type domain.Bidaiaria is not enhanced.

------------------------------------------------------------------------------------------------------------------------

[2024-02-28 10:45:59 #1 type] 
Type domain.User is not enhanced.

[2024-02-28 10:45:59 #2 type] 
Type domain.Driver is not enhanced.

[2024-02-28 10:45:59 #3 type] 
Type domain.Ride is not enhanced.

[2024-02-28 10:45:59 #4 type] 
Type domain.Bidaiaria is not enhanced.

------------------------------------------------------------------------------------------------------------------------

[2024-02-28 10:46:03 #1 type] 
Type domain.User is not enhanced.

[2024-02-28 10:46:03 #2 type] 
Type domain.Driver is not enhanced.

[2024-02-28 10:46:03 #3 type] 
Type domain.Ride is not enhanced.

[2024-02-28 10:46:03 #4 type] 
Type domain.Bidaiaria is not enhanced.

------------------------------------------------------------------------------------------------------------------------

[2024-02-28 10:46:17 #1 type] 
Type domain.User is not enhanced.

[2024-02-28 10:46:17 #2 type] 
Type domain.Driver is not enhanced.

[2024-02-28 10:46:17 #3 type] 
Type domain.Ride is not enhanced.

[2024-02-28 10:46:17 #4 type] 
Type domain.Bidaiaria is not enhanced.

------------------------------------------------------------------------------------------------------------------------

[2024-02-28 10:46:27 #1 type] 
Type domain.User is not enhanced.

[2024-02-28 10:46:27 #2 type] 
Type domain.Driver is not enhanced.

[2024-02-28 10:46:27 #3 type] 
Type domain.Ride is not enhanced.

[2024-02-28 10:46:27 #4 type] 
Type domain.Bidaiaria is not enhanced.

[2024-02-28 10:47:40 #3 store] 
Database 'C:\Users\jonoo\Desktop\Cosas\Nueva carpeta\Rides24\src\main\resources\db\src\main\resources\rides.temp' is closed by 15788@DESKTOP-77D9MUV

[2024-02-28 10:47:40 #4 server] 
Server on port 6136 has stopped by 15788@DESKTOP-77D9MUV

------------------------------------------------------------------------------------------------------------------------

[2024-02-28 15:18:35 #1 server] 
Server on port 6136 has started by 14932@U106247

[2024-02-28 15:19:19 #2 store] 
Database 'C:\Users\ehu\Desktop\lab\Rides24\src\main\resources\db\src\main\resources\rides.temp' is opened by 14932@U106247

------------------------------------------------------------------------------------------------------------------------

[2024-02-28 15:19:19 #1 type] 
Type domain.User is not enhanced.

[2024-02-28 15:19:19 #2 type] 
Type domain.Driver is not enhanced.

[2024-02-28 15:19:19 #3 type] 
Type domain.Ride is not enhanced.

[2024-02-28 15:19:19 #4 type] 
Type domain.Bidaiaria is not enhanced.

[2024-02-28 15:24:19 #3 store] 
Database 'C:\Users\ehu\Desktop\lab\Rides24\src\main\resources\db\src\main\resources\rides.temp' is closed by 14932@U106247

[2024-02-28 15:24:25 #4 store] 
Database 'C:\Users\ehu\Desktop\lab\Rides24\src\main\resources\db\src\main\resources\rides.temp' is opened by 14932@U106247

------------------------------------------------------------------------------------------------------------------------

[2024-02-28 15:24:25 #1 type] 
Type domain.User is not enhanced.

[2024-02-28 15:24:25 #2 type] 
Type domain.Driver is not enhanced.

[2024-02-28 15:24:25 #3 type] 
Type domain.Ride is not enhanced.

[2024-02-28 15:24:25 #4 type] 
Type domain.Bidaiaria is not enhanced.

[2024-02-28 15:24:58 #5 store] 
Database 'C:\Users\ehu\Desktop\lab\Rides24\src\main\resources\db\src\main\resources\rides.temp' is closed by 14932@U106247

[2024-02-28 15:33:37 #6 store] 
Database 'C:\Users\ehu\Desktop\lab\Rides24\src\main\resources\db\src\main\resources\rides.temp' is opened by 14932@U106247

------------------------------------------------------------------------------------------------------------------------

[2024-02-28 15:33:37 #1 type] 
Type domain.User is not enhanced.

[2024-02-28 15:33:37 #2 type] 
Type domain.Driver is not enhanced.

[2024-02-28 15:33:37 #3 type] 
Type domain.Ride is not enhanced.

[2024-02-28 15:33:37 #4 type] 
Type domain.Bidaiaria is not enhanced.

[2024-02-28 15:36:15 #7 store] 
Database 'C:\Users\ehu\Desktop\lab\Rides24\src\main\resources\db\src\main\resources\rides.temp' is closed by 14932@U106247

[2024-02-28 15:36:19 #8 store] 
Database 'C:\Users\ehu\Desktop\lab\Rides24\src\main\resources\db\src\main\resources\rides.temp' is opened by 14932@U106247

------------------------------------------------------------------------------------------------------------------------

[2024-02-28 15:36:20 #1 type] 
Type domain.User is not enhanced.

[2024-02-28 15:36:20 #2 type] 
Type domain.Driver is not enhanced.

[2024-02-28 15:36:20 #3 type] 
Type domain.Ride is not enhanced.

[2024-02-28 15:36:20 #4 type] 
Type domain.Bidaiaria is not enhanced.

------------------------------------------------------------------------------------------------------------------------

[2024-02-28 15:37:16 #1 type] 
Type domain.User is not enhanced.

[2024-02-28 15:37:16 #2 type] 
Type domain.Driver is not enhanced.

[2024-02-28 15:37:16 #3 type] 
Type domain.Ride is not enhanced.

[2024-02-28 15:37:16 #4 type] 
Type domain.Bidaiaria is not enhanced.

[2024-02-28 15:41:09 #9 store] 
Database 'C:\Users\ehu\Desktop\lab\Rides24\src\main\resources\db\src\main\resources\rides.temp' is closed by 14932@U106247

[2024-02-28 15:41:16 #10 store] 
Database 'C:\Users\ehu\Desktop\lab\Rides24\src\main\resources\db\src\main\resources\rides.temp' is opened by 14932@U106247

------------------------------------------------------------------------------------------------------------------------

[2024-02-28 15:41:16 #1 type] 
Type domain.User is not enhanced.

[2024-02-28 15:41:16 #2 type] 
Type domain.Driver is not enhanced.

[2024-02-28 15:41:16 #3 type] 
Type domain.Ride is not enhanced.

[2024-02-28 15:41:16 #4 type] 
Type domain.Bidaiaria is not enhanced.

------------------------------------------------------------------------------------------------------------------------

[2024-02-28 15:45:19 #1 type] 
Type domain.User is not enhanced.

[2024-02-28 15:45:19 #2 type] 
Type domain.Driver is not enhanced.

[2024-02-28 15:45:19 #3 type] 
Type domain.Ride is not enhanced.

[2024-02-28 15:45:19 #4 type] 
Type domain.Bidaiaria is not enhanced.

[2024-02-28 15:46:23 #11 store] 
Database 'C:\Users\ehu\Desktop\lab\Rides24\src\main\resources\db\src\main\resources\rides.temp' is closed by 14932@U106247

------------------------------------------------------------------------------------------------------------------------

[2024-02-28 16:07:09 #1 server] 
Server on port 6136 has started by 4880@U106248

[2024-02-28 16:07:16 #2 store] 
Database 'C:\Users\ehu\Desktop\workspace\Rides24\src\main\resources\db\src\main\resources\rides.temp' is opened by 4880@U106248

------------------------------------------------------------------------------------------------------------------------

[2024-02-28 16:07:16 #1 type] 
Type domain.User is not enhanced.

[2024-02-28 16:07:17 #2 type] 
Type domain.Driver is not enhanced.

[2024-02-28 16:07:17 #3 type] 
Type domain.Ride is not enhanced.

[2024-02-28 16:07:17 #4 type] 
Type domain.Bidaiaria is not enhanced.

[2024-02-28 16:07:23 #3 store] 
Database 'C:\Users\ehu\Desktop\workspace\Rides24\src\main\resources\db\src\main\resources\rides.temp' is closed by 4880@U106248

[2024-02-28 16:49:11 #4 store] 
Database 'C:\Users\ehu\Desktop\workspace\Rides24\src\main\resources\db\src\main\resources\rides.temp' is opened by 4880@U106248

------------------------------------------------------------------------------------------------------------------------

[2024-02-28 16:49:54 #1 type] 
Type domain.User is not enhanced.

[2024-02-28 16:49:54 #2 type] 
Type domain.Driver is not enhanced.

[2024-02-28 16:49:54 #3 type] 
Type domain.Ride is not enhanced.

[2024-02-28 16:49:54 #4 type] 
Type domain.Bidaiaria is not enhanced.

------------------------------------------------------------------------------------------------------------------------

[2024-02-28 16:56:40 #1 type] 
Type domain.User is not enhanced.

[2024-02-28 16:56:40 #2 type] 
Type domain.Driver is not enhanced.

[2024-02-28 16:56:40 #3 type] 
Type domain.Ride is not enhanced.

[2024-02-28 16:56:40 #4 type] 
Type domain.Bidaiaria is not enhanced.

------------------------------------------------------------------------------------------------------------------------

[2024-02-28 17:07:07 #1 type] 
Type domain.User is not enhanced.

[2024-02-28 17:07:07 #2 type] 
Type domain.Driver is not enhanced.

[2024-02-28 17:07:07 #3 type] 
Type domain.Ride is not enhanced.

[2024-02-28 17:07:07 #4 type] 
Type domain.Bidaiaria is not enhanced.

------------------------------------------------------------------------------------------------------------------------

[2024-02-28 17:13:01 #1 type] 
Type domain.User is not enhanced.

[2024-02-28 17:13:01 #2 type] 
Type domain.Driver is not enhanced.

[2024-02-28 17:13:01 #3 type] 
Type domain.Ride is not enhanced.

[2024-02-28 17:13:01 #4 type] 
Type domain.Bidaiaria is not enhanced.

------------------------------------------------------------------------------------------------------------------------

[2024-02-28 17:25:10 #1 type] 
Type domain.User is not enhanced.

[2024-02-28 17:25:10 #2 type] 
Type domain.Driver is not enhanced.

[2024-02-28 17:25:10 #3 type] 
Type domain.Ride is not enhanced.

[2024-02-28 17:25:10 #4 type] 
Type domain.Bidaiaria is not enhanced.

[2024-02-28 17:29:49 #5 store] 
Database 'C:\Users\ehu\Desktop\workspace\Rides24\src\main\resources\db\src\main\resources\rides.temp' is closed by 4880@U106248

------------------------------------------------------------------------------------------------------------------------

[2024-02-28 21:11:28 #1 server] 
Server on port 6136 has started by 4376@DESKTOP-77D9MUV

[2024-02-28 21:11:37 #2 store] 
Database 'C:\Users\jonoo\Desktop\Cosas\Nueva carpeta\Rides24\src\main\resources\db\src\main\resources\rides.temp' is opened by 4376@DESKTOP-77D9MUV

------------------------------------------------------------------------------------------------------------------------

[2024-02-28 21:11:37 #1 type] 
Type domain.User is not enhanced.

[2024-02-28 21:11:37 #2 type] 
Type domain.Driver is not enhanced.

[2024-02-28 21:11:37 #3 type] 
Type domain.Ride is not enhanced.

[2024-02-28 21:11:37 #4 type] 
Type domain.Bidaiaria is not enhanced.

[2024-02-28 21:15:27 #3 store] 
Database 'C:\Users\jonoo\Desktop\Cosas\Nueva carpeta\Rides24\src\main\resources\db\src\main\resources\rides.temp' is closed by 4376@DESKTOP-77D9MUV

[2024-02-28 21:15:30 #4 store] 
Database 'C:\Users\jonoo\Desktop\Cosas\Nueva carpeta\Rides24\src\main\resources\db\src\main\resources\rides.temp' is opened by 4376@DESKTOP-77D9MUV

------------------------------------------------------------------------------------------------------------------------

[2024-02-28 21:17:50 #1 type] 
Type domain.User is not enhanced.

[2024-02-28 21:17:50 #2 type] 
Type domain.Driver is not enhanced.

[2024-02-28 21:17:50 #3 type] 
Type domain.Ride is not enhanced.

[2024-02-28 21:17:50 #4 type] 
Type domain.Bidaiaria is not enhanced.

[2024-02-28 21:19:32 #5 store] 
Database 'C:\Users\jonoo\Desktop\Cosas\Nueva carpeta\Rides24\src\main\resources\db\src\main\resources\rides.temp' is closed by 4376@DESKTOP-77D9MUV

[2024-02-28 21:45:56 #6 store] 
Database 'C:\Users\jonoo\Desktop\Cosas\Nueva carpeta\Rides24\src\main\resources\db\src\main\resources\rides.temp' is opened by 4376@DESKTOP-77D9MUV

------------------------------------------------------------------------------------------------------------------------

[2024-02-28 21:45:56 #1 type] 
Type domain.User is not enhanced.

[2024-02-28 21:45:57 #2 type] 
Type domain.Driver is not enhanced.

[2024-02-28 21:45:57 #3 type] 
Type domain.Ride is not enhanced.

[2024-02-28 21:45:57 #4 type] 
Type domain.Bidaiaria is not enhanced.

------------------------------------------------------------------------------------------------------------------------

[2024-02-28 21:47:18 #1 type] 
Type domain.User is not enhanced.

[2024-02-28 21:47:18 #2 type] 
Type domain.Driver is not enhanced.

[2024-02-28 21:47:18 #3 type] 
Type domain.Ride is not enhanced.

[2024-02-28 21:47:18 #4 type] 
Type domain.Bidaiaria is not enhanced.

[2024-02-28 21:47:38 #7 store] 
Database 'C:\Users\jonoo\Desktop\Cosas\Nueva carpeta\Rides24\src\main\resources\db\src\main\resources\rides.temp' is closed by 4376@DESKTOP-77D9MUV

[2024-02-28 21:51:40 #8 store] 
Database 'C:\Users\jonoo\Desktop\Cosas\Nueva carpeta\Rides24\src\main\resources\db\src\main\resources\rides.temp' is opened by 4376@DESKTOP-77D9MUV

------------------------------------------------------------------------------------------------------------------------

[2024-02-28 21:52:01 #1 type] 
Type domain.User is not enhanced.

[2024-02-28 21:52:01 #2 type] 
Type domain.Driver is not enhanced.

[2024-02-28 21:52:01 #3 type] 
Type domain.Ride is not enhanced.

------------------------------------------------------------------------------------------------------------------------

[2024-02-28 21:52:13 #1 type] 
Type domain.User is not enhanced.

[2024-02-28 21:52:13 #2 type] 
Type domain.Ride is not enhanced.

[2024-02-28 21:52:20 #9 store] 
Database 'C:\Users\jonoo\Desktop\Cosas\Nueva carpeta\Rides24\src\main\resources\db\src\main\resources\rides.temp' is closed by 4376@DESKTOP-77D9MUV

[2024-02-28 21:52:30 #10 store] 
Database 'C:\Users\jonoo\Desktop\Cosas\Nueva carpeta\Rides24\src\main\resources\db\src\main\resources\rides.temp' is opened by 4376@DESKTOP-77D9MUV

[2024-02-28 21:55:02 #11 store] 
Database 'C:\Users\jonoo\Desktop\Cosas\Nueva carpeta\Rides24\src\main\resources\db\src\main\resources\rides.temp' is closed by 4376@DESKTOP-77D9MUV

[2024-02-28 21:55:04 #12 store] 
Database 'C:\Users\jonoo\Desktop\Cosas\Nueva carpeta\Rides24\src\main\resources\db\src\main\resources\rides.temp' is opened by 4376@DESKTOP-77D9MUV

[2024-02-28 21:55:12 #13 store] 
Database 'C:\Users\jonoo\Desktop\Cosas\Nueva carpeta\Rides24\src\main\resources\db\src\main\resources\rides.temp' is closed by 4376@DESKTOP-77D9MUV

[2024-02-28 21:55:19 #14 store] 
Database 'C:\Users\jonoo\Desktop\Cosas\Nueva carpeta\Rides24\src\main\resources\db\src\main\resources\rides.temp' is opened by 4376@DESKTOP-77D9MUV

------------------------------------------------------------------------------------------------------------------------

[2024-02-28 21:55:19 #1 type] 
Type domain.User is not enhanced.

[2024-02-28 21:55:19 #2 type] 
Type domain.Driver is not enhanced.

[2024-02-28 21:55:19 #3 type] 
Type domain.Ride is not enhanced.

[2024-02-28 21:55:19 #4 type] 
Type domain.Bidaiaria is not enhanced.

[2024-02-28 21:55:19 #15 type.user] 
Enhancement of type domain.Driver is old and cannot be used (3825462732994161382:-1921500564515563471)

[2024-02-28 21:55:19 #16 type] 
Type domain.Driver is not enhanced.

[2024-02-28 21:55:20 #17 store] 
Database 'C:\Users\jonoo\Desktop\Cosas\Nueva carpeta\Rides24\src\main\resources\db\src\main\resources\rides.temp' is closed by 4376@DESKTOP-77D9MUV

[2024-02-28 21:55:42 #18 store] 
Database 'C:\Users\jonoo\Desktop\Cosas\Nueva carpeta\Rides24\src\main\resources\db\src\main\resources\rides.temp' is opened by 4376@DESKTOP-77D9MUV

------------------------------------------------------------------------------------------------------------------------

[2024-02-28 21:55:42 #1 type] 
Type domain.User is not enhanced.

[2024-02-28 21:55:43 #2 type] 
Type domain.Driver is not enhanced.

[2024-02-28 21:55:43 #3 type] 
Type domain.Ride is not enhanced.

[2024-02-28 21:55:43 #4 type] 
Type domain.Bidaiaria is not enhanced.

[2024-02-28 21:56:03 #19 store] 
Database 'C:\Users\jonoo\Desktop\Cosas\Nueva carpeta\Rides24\src\main\resources\db\src\main\resources\rides.temp' is closed by 4376@DESKTOP-77D9MUV

[2024-02-28 21:56:05 #20 store] 
Database 'C:\Users\jonoo\Desktop\Cosas\Nueva carpeta\Rides24\src\main\resources\db\src\main\resources\rides.temp' is opened by 4376@DESKTOP-77D9MUV

------------------------------------------------------------------------------------------------------------------------

[2024-02-28 21:56:05 #1 type] 
Type domain.User is not enhanced.

[2024-02-28 21:56:05 #2 type] 
Type domain.Driver is not enhanced.

[2024-02-28 21:56:05 #3 type] 
Type domain.Ride is not enhanced.

[2024-02-28 21:56:05 #4 type] 
Type domain.Bidaiaria is not enhanced.

[2024-02-28 21:56:06 #21 store] 
Database 'C:\Users\jonoo\Desktop\Cosas\Nueva carpeta\Rides24\src\main\resources\db\src\main\resources\rides.temp' is closed by 4376@DESKTOP-77D9MUV

[2024-02-28 21:56:18 #22 store] 
Database 'C:\Users\jonoo\Desktop\Cosas\Nueva carpeta\Rides24\src\main\resources\db\src\main\resources\rides.temp' is opened by 4376@DESKTOP-77D9MUV

------------------------------------------------------------------------------------------------------------------------

[2024-02-28 22:11:40 #1 type] 
Type domain.User is not enhanced.

[2024-02-28 22:11:40 #2 type] 
Type domain.Driver is not enhanced.

[2024-02-28 22:11:40 #3 type] 
Type domain.Ride is not enhanced.

[2024-02-28 22:11:40 #4 type] 
Type domain.Bidaiaria is not enhanced.

------------------------------------------------------------------------------------------------------------------------

[2024-02-28 22:12:51 #1 type] 
Type domain.User is not enhanced.

[2024-02-28 22:12:51 #2 type] 
Type domain.Driver is not enhanced.

[2024-02-28 22:12:51 #3 type] 
Type domain.Ride is not enhanced.

[2024-02-28 22:12:51 #4 type] 
Type domain.Bidaiaria is not enhanced.

[2024-02-28 22:19:36 #23 store] 
Database 'C:\Users\jonoo\Desktop\Cosas\Nueva carpeta\Rides24\src\main\resources\db\src\main\resources\rides.temp' is closed by 4376@DESKTOP-77D9MUV

