------------------------------------------------------------------------------------------------------------------------

[2024-02-29 17:25:46 #1 server] 
Server on port 6136 has started by 19532@DESKTOP-77D9MUV

[2024-02-29 17:25:51 #2 store] 
Database 'C:\Users\jonoo\Desktop\Cosas\Nueva carpeta\Rides24\src\main\resources\db\src\main\resources\rides.temp' is opened by 19532@DESKTOP-77D9MUV

------------------------------------------------------------------------------------------------------------------------

[2024-02-29 17:46:19 #1 type] 
Type domain.User is not enhanced.

[2024-02-29 17:46:19 #2 type] 
Type domain.Driver is not enhanced.

[2024-02-29 17:46:19 #3 type] 
Type domain.Ride is not enhanced.

[2024-02-29 17:46:19 #4 type] 
Type domain.Bidaiaria is not enhanced.

------------------------------------------------------------------------------------------------------------------------

[2024-02-29 17:53:41 #1 type] 
Type domain.User is not enhanced.

[2024-02-29 17:53:41 #2 type] 
Type domain.Driver is not enhanced.

[2024-02-29 17:53:41 #3 type] 
Type domain.Ride is not enhanced.

[2024-02-29 17:53:41 #4 type] 
Type domain.Bidaiaria is not enhanced.

------------------------------------------------------------------------------------------------------------------------

[2024-02-29 17:55:22 #1 type] 
Type domain.User is not enhanced.

[2024-02-29 17:55:22 #2 type] 
Type domain.Driver is not enhanced.

[2024-02-29 17:55:22 #3 type] 
Type domain.Ride is not enhanced.

[2024-02-29 17:55:22 #4 type] 
Type domain.Bidaiaria is not enhanced.

------------------------------------------------------------------------------------------------------------------------

[2024-02-29 17:56:02 #1 type] 
Type domain.User is not enhanced.

[2024-02-29 17:56:02 #2 type] 
Type domain.Driver is not enhanced.

[2024-02-29 17:56:02 #3 type] 
Type domain.Ride is not enhanced.

[2024-02-29 17:56:02 #4 type] 
Type domain.Bidaiaria is not enhanced.

------------------------------------------------------------------------------------------------------------------------

[2024-02-29 18:02:02 #1 type] 
Type domain.User is not enhanced.

[2024-02-29 18:02:02 #2 type] 
Type domain.Driver is not enhanced.

[2024-02-29 18:02:02 #3 type] 
Type domain.Ride is not enhanced.

[2024-02-29 18:02:02 #4 type] 
Type domain.Bidaiaria is not enhanced.

------------------------------------------------------------------------------------------------------------------------

[2024-02-29 18:03:47 #1 type] 
Type domain.User is not enhanced.

[2024-02-29 18:03:47 #2 type] 
Type domain.Driver is not enhanced.

[2024-02-29 18:03:47 #3 type] 
Type domain.Ride is not enhanced.

[2024-02-29 18:03:47 #4 type] 
Type domain.Bidaiaria is not enhanced.

------------------------------------------------------------------------------------------------------------------------

[2024-02-29 18:08:57 #1 type] 
Type domain.User is not enhanced.

[2024-02-29 18:08:57 #2 type] 
Type domain.Driver is not enhanced.

[2024-02-29 18:08:57 #3 type] 
Type domain.Ride is not enhanced.

[2024-02-29 18:08:57 #4 type] 
Type domain.Bidaiaria is not enhanced.

------------------------------------------------------------------------------------------------------------------------

[2024-02-29 18:16:36 #1 type] 
Type domain.User is not enhanced.

[2024-02-29 18:16:36 #2 type] 
Type domain.Driver is not enhanced.

[2024-02-29 18:16:36 #3 type] 
Type domain.Ride is not enhanced.

[2024-02-29 18:16:36 #4 type] 
Type domain.Bidaiaria is not enhanced.

------------------------------------------------------------------------------------------------------------------------

[2024-02-29 18:16:50 #1 type] 
Type domain.User is not enhanced.

[2024-02-29 18:16:50 #2 type] 
Type domain.Driver is not enhanced.

[2024-02-29 18:16:50 #3 type] 
Type domain.Ride is not enhanced.

[2024-02-29 18:16:50 #4 type] 
Type domain.Bidaiaria is not enhanced.

------------------------------------------------------------------------------------------------------------------------

[2024-02-29 18:39:02 #1 type] 
Type domain.User is not enhanced.

[2024-02-29 18:39:02 #2 type] 
Type domain.Driver is not enhanced.

[2024-02-29 18:39:02 #3 type] 
Type domain.Ride is not enhanced.

[2024-02-29 18:39:02 #4 type] 
Type domain.Bidaiaria is not enhanced.

------------------------------------------------------------------------------------------------------------------------

[2024-02-29 18:39:58 #1 type] 
Type domain.User is not enhanced.

[2024-02-29 18:39:58 #2 type] 
Type domain.Driver is not enhanced.

[2024-02-29 18:39:58 #3 type] 
Type domain.Ride is not enhanced.

[2024-02-29 18:39:58 #4 type] 
Type domain.Bidaiaria is not enhanced.

------------------------------------------------------------------------------------------------------------------------

[2024-02-29 18:57:05 #1 type] 
Type domain.User is not enhanced.

[2024-02-29 18:57:05 #2 type] 
Type domain.Driver is not enhanced.

[2024-02-29 18:57:05 #3 type] 
Type domain.Ride is not enhanced.

[2024-02-29 18:57:05 #4 type] 
Type domain.Bidaiaria is not enhanced.

------------------------------------------------------------------------------------------------------------------------

[2024-02-29 18:58:21 #1 type] 
Type domain.User is not enhanced.

[2024-02-29 18:58:21 #2 type] 
Type domain.Driver is not enhanced.

[2024-02-29 18:58:21 #3 type] 
Type domain.Ride is not enhanced.

[2024-02-29 18:58:21 #4 type] 
Type domain.Bidaiaria is not enhanced.

------------------------------------------------------------------------------------------------------------------------

[2024-02-29 19:02:42 #1 type] 
Type domain.User is not enhanced.

[2024-02-29 19:02:42 #2 type] 
Type domain.Driver is not enhanced.

[2024-02-29 19:02:42 #3 type] 
Type domain.Ride is not enhanced.

[2024-02-29 19:02:42 #4 type] 
Type domain.Bidaiaria is not enhanced.

------------------------------------------------------------------------------------------------------------------------

[2024-02-29 19:05:36 #1 type] 
Type domain.User is not enhanced.

[2024-02-29 19:05:36 #2 type] 
Type domain.Driver is not enhanced.

[2024-02-29 19:05:36 #3 type] 
Type domain.Ride is not enhanced.

[2024-02-29 19:05:36 #4 type] 
Type domain.Bidaiaria is not enhanced.

------------------------------------------------------------------------------------------------------------------------

[2024-02-29 19:10:43 #1 type] 
Type domain.User is not enhanced.

[2024-02-29 19:10:43 #2 type] 
Type domain.Driver is not enhanced.

[2024-02-29 19:10:43 #3 type] 
Type domain.Ride is not enhanced.

[2024-02-29 19:10:43 #4 type] 
Type domain.Bidaiaria is not enhanced.

[2024-02-29 19:12:04 #5 load] 
[ObjectDB 2.6.9_09] Unexpected exception (Error 990)
  Generated by OpenJDK 64-Bit Server VM 17.0.9 (on Windows 10 10.0).
Please report this error on http://www.objectdb.com/database/issue/new
com.objectdb.o.InternalException: Unexpected request domain.Bidaiaria:'driver3@gmail.com'
com.objectdb.o.InternalException: Unexpected request domain.Bidaiaria:'driver3@gmail.com'
	at com.objectdb.o.LDR.Vz(LDR.java:1030)
	at com.objectdb.o.CST.ae(CST.java:605)
	at com.objectdb.o.CST.U6(CST.java:505)
	at com.objectdb.o.LDR.G(LDR.java:556)
	at com.objectdb.o.LDR.F(LDR.java:473)
	at com.objectdb.o.LDR.A(LDR.java:272)
	at com.objectdb.o.OBC.aO(OBC.java:1061)
	at com.objectdb.o.OBC.aM(OBC.java:979)
	at com.objectdb.jpa.EMImpl.find(EMImpl.java:599)
	at com.objectdb.jpa.EMImpl.find(EMImpl.java:519)
	at dataAccess.DataAccess.diruaAtera(DataAccess.java:154)
	at businessLogic.BLFacadeImplementation.diruaAtera(BLFacadeImplementation.java:124)
	at gui.DiruaSartuAteraGUI$1.actionPerformed(DiruaSartuAteraGUI.java:72)
	at java.desktop/javax.swing.AbstractButton.fireActionPerformed(AbstractButton.java:1972)
	at java.desktop/javax.swing.AbstractButton$Handler.actionPerformed(AbstractButton.java:2313)
	at java.desktop/javax.swing.DefaultButtonModel.fireActionPerformed(DefaultButtonModel.java:405)
	at java.desktop/javax.swing.DefaultButtonModel.setPressed(DefaultButtonModel.java:262)
	at java.desktop/javax.swing.plaf.basic.BasicButtonListener.mouseReleased(BasicButtonListener.java:279)
	at java.desktop/java.awt.Component.processMouseEvent(Component.java:6626)
	at java.desktop/javax.swing.JComponent.processMouseEvent(JComponent.java:3389)
	at java.desktop/java.awt.Component.processEvent(Component.java:6391)
	at java.desktop/java.awt.Container.processEvent(Container.java:2266)
	at java.desktop/java.awt.Component.dispatchEventImpl(Component.java:5001)
	at java.desktop/java.awt.Container.dispatchEventImpl(Container.java:2324)
	at java.desktop/java.awt.Component.dispatchEvent(Component.java:4833)
	at java.desktop/java.awt.LightweightDispatcher.retargetMouseEvent(Container.java:4948)
	at java.desktop/java.awt.LightweightDispatcher.processMouseEvent(Container.java:4575)
	at java.desktop/java.awt.LightweightDispatcher.dispatchEvent(Container.java:4516)
	at java.desktop/java.awt.Container.dispatchEventImpl(Container.java:2310)
	at java.desktop/java.awt.Window.dispatchEventImpl(Window.java:2780)
	at java.desktop/java.awt.Component.dispatchEvent(Component.java:4833)
	at java.desktop/java.awt.EventQueue.dispatchEventImpl(EventQueue.java:775)
	at java.desktop/java.awt.EventQueue$4.run(EventQueue.java:720)
	at java.desktop/java.awt.EventQueue$4.run(EventQueue.java:714)
	at java.base/java.security.AccessController.doPrivileged(AccessController.java:399)
	at java.base/java.security.ProtectionDomain$JavaSecurityAccessImpl.doIntersectionPrivilege(ProtectionDomain.java:86)
	at java.base/java.security.ProtectionDomain$JavaSecurityAccessImpl.doIntersectionPrivilege(ProtectionDomain.java:97)
	at java.desktop/java.awt.EventQueue$5.run(EventQueue.java:747)
	at java.desktop/java.awt.EventQueue$5.run(EventQueue.java:745)
	at java.base/java.security.AccessController.doPrivileged(AccessController.java:399)
	at java.base/java.security.ProtectionDomain$JavaSecurityAccessImpl.doIntersectionPrivilege(ProtectionDomain.java:86)
	at java.desktop/java.awt.EventQueue.dispatchEvent(EventQueue.java:744)
	at java.desktop/java.awt.EventDispatchThread.pumpOneEventForFilters(EventDispatchThread.java:203)
	at java.desktop/java.awt.EventDispatchThread.pumpEventsForFilter(EventDispatchThread.java:124)
	at java.desktop/java.awt.EventDispatchThread.pumpEventsForHierarchy(EventDispatchThread.java:113)
	at java.desktop/java.awt.EventDispatchThread.pumpEvents(EventDispatchThread.java:109)
	at java.desktop/java.awt.EventDispatchThread.pumpEvents(EventDispatchThread.java:101)
	at java.desktop/java.awt.EventDispatchThread.run(EventDispatchThread.java:90)

[2024-02-29 19:12:04 #6 load] 
Request set: {}

[2024-02-29 19:12:13 #7 load] 
[ObjectDB 2.6.9_09] Unexpected exception (Error 990)
  Generated by OpenJDK 64-Bit Server VM 17.0.9 (on Windows 10 10.0).
Please report this error on http://www.objectdb.com/database/issue/new
com.objectdb.o.InternalException: Unexpected request domain.Bidaiaria:'driver3@gmail.com'
com.objectdb.o.InternalException: Unexpected request domain.Bidaiaria:'driver3@gmail.com'
	at com.objectdb.o.LDR.Vz(LDR.java:1030)
	at com.objectdb.o.CST.ae(CST.java:605)
	at com.objectdb.o.CST.U6(CST.java:505)
	at com.objectdb.o.LDR.G(LDR.java:556)
	at com.objectdb.o.LDR.F(LDR.java:473)
	at com.objectdb.o.LDR.A(LDR.java:272)
	at com.objectdb.o.OBC.aO(OBC.java:1061)
	at com.objectdb.o.OBC.aM(OBC.java:979)
	at com.objectdb.jpa.EMImpl.find(EMImpl.java:599)
	at com.objectdb.jpa.EMImpl.find(EMImpl.java:519)
	at dataAccess.DataAccess.diruaAtera(DataAccess.java:154)
	at businessLogic.BLFacadeImplementation.diruaAtera(BLFacadeImplementation.java:124)
	at gui.DiruaSartuAteraGUI$1.actionPerformed(DiruaSartuAteraGUI.java:72)
	at java.desktop/javax.swing.AbstractButton.fireActionPerformed(AbstractButton.java:1972)
	at java.desktop/javax.swing.AbstractButton$Handler.actionPerformed(AbstractButton.java:2313)
	at java.desktop/javax.swing.DefaultButtonModel.fireActionPerformed(DefaultButtonModel.java:405)
	at java.desktop/javax.swing.DefaultButtonModel.setPressed(DefaultButtonModel.java:262)
	at java.desktop/javax.swing.plaf.basic.BasicButtonListener.mouseReleased(BasicButtonListener.java:279)
	at java.desktop/java.awt.Component.processMouseEvent(Component.java:6626)
	at java.desktop/javax.swing.JComponent.processMouseEvent(JComponent.java:3389)
	at java.desktop/java.awt.Component.processEvent(Component.java:6391)
	at java.desktop/java.awt.Container.processEvent(Container.java:2266)
	at java.desktop/java.awt.Component.dispatchEventImpl(Component.java:5001)
	at java.desktop/java.awt.Container.dispatchEventImpl(Container.java:2324)
	at java.desktop/java.awt.Component.dispatchEvent(Component.java:4833)
	at java.desktop/java.awt.LightweightDispatcher.retargetMouseEvent(Container.java:4948)
	at java.desktop/java.awt.LightweightDispatcher.processMouseEvent(Container.java:4575)
	at java.desktop/java.awt.LightweightDispatcher.dispatchEvent(Container.java:4516)
	at java.desktop/java.awt.Container.dispatchEventImpl(Container.java:2310)
	at java.desktop/java.awt.Window.dispatchEventImpl(Window.java:2780)
	at java.desktop/java.awt.Component.dispatchEvent(Component.java:4833)
	at java.desktop/java.awt.EventQueue.dispatchEventImpl(EventQueue.java:775)
	at java.desktop/java.awt.EventQueue$4.run(EventQueue.java:720)
	at java.desktop/java.awt.EventQueue$4.run(EventQueue.java:714)
	at java.base/java.security.AccessController.doPrivileged(AccessController.java:399)
	at java.base/java.security.ProtectionDomain$JavaSecurityAccessImpl.doIntersectionPrivilege(ProtectionDomain.java:86)
	at java.base/java.security.ProtectionDomain$JavaSecurityAccessImpl.doIntersectionPrivilege(ProtectionDomain.java:97)
	at java.desktop/java.awt.EventQueue$5.run(EventQueue.java:747)
	at java.desktop/java.awt.EventQueue$5.run(EventQueue.java:745)
	at java.base/java.security.AccessController.doPrivileged(AccessController.java:399)
	at java.base/java.security.ProtectionDomain$JavaSecurityAccessImpl.doIntersectionPrivilege(ProtectionDomain.java:86)
	at java.desktop/java.awt.EventQueue.dispatchEvent(EventQueue.java:744)
	at java.desktop/java.awt.EventDispatchThread.pumpOneEventForFilters(EventDispatchThread.java:203)
	at java.desktop/java.awt.EventDispatchThread.pumpEventsForFilter(EventDispatchThread.java:124)
	at java.desktop/java.awt.EventDispatchThread.pumpEventsForHierarchy(EventDispatchThread.java:113)
	at java.desktop/java.awt.EventDispatchThread.pumpEvents(EventDispatchThread.java:109)
	at java.desktop/java.awt.EventDispatchThread.pumpEvents(EventDispatchThread.java:101)
	at java.desktop/java.awt.EventDispatchThread.run(EventDispatchThread.java:90)

[2024-02-29 19:12:13 #8 load] 
Request set: {}

[2024-02-29 19:14:16 #3 store] 
Database 'C:\Users\jonoo\Desktop\Cosas\Nueva carpeta\Rides24\src\main\resources\db\src\main\resources\rides.temp' is closed by 19532@DESKTOP-77D9MUV

