------------------------------------------------------------------------------------------------------------------------

[2024-03-03 12:05:39 #1 server] 
Server on port 6136 has started by 11972@DESKTOP-77D9MUV

[2024-03-03 12:05:43 #2 store] 
Database 'C:\Users\jonoo\Desktop\Cosas\Nueva carpeta\Rides24\src\main\resources\db\src\main\resources\rides.temp' is opened by 11972@DESKTOP-77D9MUV

------------------------------------------------------------------------------------------------------------------------

[2024-03-03 12:05:43 #1 type] 
Type domain.User is not enhanced.

[2024-03-03 12:05:43 #2 type] 
Type domain.Driver is not enhanced.

[2024-03-03 12:05:43 #3 type] 
Type domain.Ride is not enhanced.

[2024-03-03 12:05:43 #4 type] 
Type domain.Bidaiaria is not enhanced.

[2024-03-03 12:05:52 #5 load] 
[ObjectDB 2.6.9_09] Unexpected exception (Error 990)
  Generated by OpenJDK 64-Bit Server VM 17.0.9 (on Windows 10 10.0).
Please report this error on http://www.objectdb.com/database/issue/new
com.objectdb.o.InternalException: Unexpected request domain.Bidaiaria:'driver3@gmail.com'
com.objectdb.o.InternalException: Unexpected request domain.Bidaiaria:'driver3@gmail.com'
	at com.objectdb.o.LDR.Vz(LDR.java:1030)
	at com.objectdb.o.CST.ae(CST.java:605)
	at com.objectdb.o.CST.U6(CST.java:505)
	at com.objectdb.o.LDR.G(LDR.java:556)
	at com.objectdb.o.LDR.F(LDR.java:473)
	at com.objectdb.o.LDR.A(LDR.java:272)
	at com.objectdb.o.OBC.aO(OBC.java:1061)
	at com.objectdb.o.OBC.aM(OBC.java:979)
	at com.objectdb.jpa.EMImpl.find(EMImpl.java:599)
	at com.objectdb.jpa.EMImpl.find(EMImpl.java:519)
	at dataAccess.DataAccess.diruKopLortu(DataAccess.java:168)
	at businessLogic.BLFacadeImplementation.diruKopLortu(BLFacadeImplementation.java:136)
	at gui.DiruaSartuAteraGUI$3.actionPerformed(DiruaSartuAteraGUI.java:84)
	at java.desktop/javax.swing.AbstractButton.fireActionPerformed(AbstractButton.java:1972)
	at java.desktop/javax.swing.AbstractButton$Handler.actionPerformed(AbstractButton.java:2313)
	at java.desktop/javax.swing.DefaultButtonModel.fireActionPerformed(DefaultButtonModel.java:405)
	at java.desktop/javax.swing.DefaultButtonModel.setPressed(DefaultButtonModel.java:262)
	at java.desktop/javax.swing.plaf.basic.BasicButtonListener.mouseReleased(BasicButtonListener.java:279)
	at java.desktop/java.awt.Component.processMouseEvent(Component.java:6626)
	at java.desktop/javax.swing.JComponent.processMouseEvent(JComponent.java:3389)
	at java.desktop/java.awt.Component.processEvent(Component.java:6391)
	at java.desktop/java.awt.Container.processEvent(Container.java:2266)
	at java.desktop/java.awt.Component.dispatchEventImpl(Component.java:5001)
	at java.desktop/java.awt.Container.dispatchEventImpl(Container.java:2324)
	at java.desktop/java.awt.Component.dispatchEvent(Component.java:4833)
	at java.desktop/java.awt.LightweightDispatcher.retargetMouseEvent(Container.java:4948)
	at java.desktop/java.awt.LightweightDispatcher.processMouseEvent(Container.java:4575)
	at java.desktop/java.awt.LightweightDispatcher.dispatchEvent(Container.java:4516)
	at java.desktop/java.awt.Container.dispatchEventImpl(Container.java:2310)
	at java.desktop/java.awt.Window.dispatchEventImpl(Window.java:2780)
	at java.desktop/java.awt.Component.dispatchEvent(Component.java:4833)
	at java.desktop/java.awt.EventQueue.dispatchEventImpl(EventQueue.java:775)
	at java.desktop/java.awt.EventQueue$4.run(EventQueue.java:720)
	at java.desktop/java.awt.EventQueue$4.run(EventQueue.java:714)
	at java.base/java.security.AccessController.doPrivileged(AccessController.java:399)
	at java.base/java.security.ProtectionDomain$JavaSecurityAccessImpl.doIntersectionPrivilege(ProtectionDomain.java:86)
	at java.base/java.security.ProtectionDomain$JavaSecurityAccessImpl.doIntersectionPrivilege(ProtectionDomain.java:97)
	at java.desktop/java.awt.EventQueue$5.run(EventQueue.java:747)
	at java.desktop/java.awt.EventQueue$5.run(EventQueue.java:745)
	at java.base/java.security.AccessController.doPrivileged(AccessController.java:399)
	at java.base/java.security.ProtectionDomain$JavaSecurityAccessImpl.doIntersectionPrivilege(ProtectionDomain.java:86)
	at java.desktop/java.awt.EventQueue.dispatchEvent(EventQueue.java:744)
	at java.desktop/java.awt.EventDispatchThread.pumpOneEventForFilters(EventDispatchThread.java:203)
	at java.desktop/java.awt.EventDispatchThread.pumpEventsForFilter(EventDispatchThread.java:124)
	at java.desktop/java.awt.EventDispatchThread.pumpEventsForHierarchy(EventDispatchThread.java:113)
	at java.desktop/java.awt.EventDispatchThread.pumpEvents(EventDispatchThread.java:109)
	at java.desktop/java.awt.EventDispatchThread.pumpEvents(EventDispatchThread.java:101)
	at java.desktop/java.awt.EventDispatchThread.run(EventDispatchThread.java:90)

[2024-03-03 12:05:52 #6 load] 
Request set: {}

[2024-03-03 12:06:23 #7 load] 
[ObjectDB 2.6.9_09] Unexpected exception (Error 990)
  Generated by OpenJDK 64-Bit Server VM 17.0.9 (on Windows 10 10.0).
Please report this error on http://www.objectdb.com/database/issue/new
com.objectdb.o.InternalException: Unexpected request domain.Bidaiaria:'driver3@gmail.com'
com.objectdb.o.InternalException: Unexpected request domain.Bidaiaria:'driver3@gmail.com'
	at com.objectdb.o.LDR.Vz(LDR.java:1030)
	at com.objectdb.o.CST.ae(CST.java:605)
	at com.objectdb.o.CST.U6(CST.java:505)
	at com.objectdb.o.LDR.G(LDR.java:556)
	at com.objectdb.o.LDR.F(LDR.java:473)
	at com.objectdb.o.LDR.A(LDR.java:272)
	at com.objectdb.o.OBC.aO(OBC.java:1061)
	at com.objectdb.o.OBC.aM(OBC.java:979)
	at com.objectdb.jpa.EMImpl.find(EMImpl.java:599)
	at com.objectdb.jpa.EMImpl.find(EMImpl.java:519)
	at dataAccess.DataAccess.diruaAtera(DataAccess.java:155)
	at businessLogic.BLFacadeImplementation.diruaAtera(BLFacadeImplementation.java:127)
	at gui.DiruaSartuAteraGUI$4.actionPerformed(DiruaSartuAteraGUI.java:106)
	at java.desktop/javax.swing.AbstractButton.fireActionPerformed(AbstractButton.java:1972)
	at java.desktop/javax.swing.AbstractButton$Handler.actionPerformed(AbstractButton.java:2313)
	at java.desktop/javax.swing.DefaultButtonModel.fireActionPerformed(DefaultButtonModel.java:405)
	at java.desktop/javax.swing.DefaultButtonModel.setPressed(DefaultButtonModel.java:262)
	at java.desktop/javax.swing.plaf.basic.BasicButtonListener.mouseReleased(BasicButtonListener.java:279)
	at java.desktop/java.awt.Component.processMouseEvent(Component.java:6626)
	at java.desktop/javax.swing.JComponent.processMouseEvent(JComponent.java:3389)
	at java.desktop/java.awt.Component.processEvent(Component.java:6391)
	at java.desktop/java.awt.Container.processEvent(Container.java:2266)
	at java.desktop/java.awt.Component.dispatchEventImpl(Component.java:5001)
	at java.desktop/java.awt.Container.dispatchEventImpl(Container.java:2324)
	at java.desktop/java.awt.Component.dispatchEvent(Component.java:4833)
	at java.desktop/java.awt.LightweightDispatcher.retargetMouseEvent(Container.java:4948)
	at java.desktop/java.awt.LightweightDispatcher.processMouseEvent(Container.java:4575)
	at java.desktop/java.awt.LightweightDispatcher.dispatchEvent(Container.java:4516)
	at java.desktop/java.awt.Container.dispatchEventImpl(Container.java:2310)
	at java.desktop/java.awt.Window.dispatchEventImpl(Window.java:2780)
	at java.desktop/java.awt.Component.dispatchEvent(Component.java:4833)
	at java.desktop/java.awt.EventQueue.dispatchEventImpl(EventQueue.java:775)
	at java.desktop/java.awt.EventQueue$4.run(EventQueue.java:720)
	at java.desktop/java.awt.EventQueue$4.run(EventQueue.java:714)
	at java.base/java.security.AccessController.doPrivileged(AccessController.java:399)
	at java.base/java.security.ProtectionDomain$JavaSecurityAccessImpl.doIntersectionPrivilege(ProtectionDomain.java:86)
	at java.base/java.security.ProtectionDomain$JavaSecurityAccessImpl.doIntersectionPrivilege(ProtectionDomain.java:97)
	at java.desktop/java.awt.EventQueue$5.run(EventQueue.java:747)
	at java.desktop/java.awt.EventQueue$5.run(EventQueue.java:745)
	at java.base/java.security.AccessController.doPrivileged(AccessController.java:399)
	at java.base/java.security.ProtectionDomain$JavaSecurityAccessImpl.doIntersectionPrivilege(ProtectionDomain.java:86)
	at java.desktop/java.awt.EventQueue.dispatchEvent(EventQueue.java:744)
	at java.desktop/java.awt.EventDispatchThread.pumpOneEventForFilters(EventDispatchThread.java:203)
	at java.desktop/java.awt.EventDispatchThread.pumpEventsForFilter(EventDispatchThread.java:124)
	at java.desktop/java.awt.EventDispatchThread.pumpEventsForHierarchy(EventDispatchThread.java:113)
	at java.desktop/java.awt.EventDispatchThread.pumpEvents(EventDispatchThread.java:109)
	at java.desktop/java.awt.EventDispatchThread.pumpEvents(EventDispatchThread.java:101)
	at java.desktop/java.awt.EventDispatchThread.run(EventDispatchThread.java:90)

[2024-03-03 12:06:23 #8 load] 
Request set: {}

[2024-03-03 12:06:28 #9 load] 
[ObjectDB 2.6.9_09] Unexpected exception (Error 990)
  Generated by OpenJDK 64-Bit Server VM 17.0.9 (on Windows 10 10.0).
Please report this error on http://www.objectdb.com/database/issue/new
com.objectdb.o.InternalException: Unexpected request domain.Bidaiaria:'driver3@gmail.com'
com.objectdb.o.InternalException: Unexpected request domain.Bidaiaria:'driver3@gmail.com'
	at com.objectdb.o.LDR.Vz(LDR.java:1030)
	at com.objectdb.o.CST.ae(CST.java:605)
	at com.objectdb.o.CST.U6(CST.java:505)
	at com.objectdb.o.LDR.G(LDR.java:556)
	at com.objectdb.o.LDR.F(LDR.java:473)
	at com.objectdb.o.LDR.A(LDR.java:272)
	at com.objectdb.o.OBC.aO(OBC.java:1061)
	at com.objectdb.o.OBC.aM(OBC.java:979)
	at com.objectdb.jpa.EMImpl.find(EMImpl.java:599)
	at com.objectdb.jpa.EMImpl.find(EMImpl.java:519)
	at dataAccess.DataAccess.diruaSartu(DataAccess.java:145)
	at businessLogic.BLFacadeImplementation.diruaSartu(BLFacadeImplementation.java:118)
	at gui.DiruaSartuAteraGUI$4.actionPerformed(DiruaSartuAteraGUI.java:98)
	at java.desktop/javax.swing.AbstractButton.fireActionPerformed(AbstractButton.java:1972)
	at java.desktop/javax.swing.AbstractButton$Handler.actionPerformed(AbstractButton.java:2313)
	at java.desktop/javax.swing.DefaultButtonModel.fireActionPerformed(DefaultButtonModel.java:405)
	at java.desktop/javax.swing.DefaultButtonModel.setPressed(DefaultButtonModel.java:262)
	at java.desktop/javax.swing.plaf.basic.BasicButtonListener.mouseReleased(BasicButtonListener.java:279)
	at java.desktop/java.awt.Component.processMouseEvent(Component.java:6626)
	at java.desktop/javax.swing.JComponent.processMouseEvent(JComponent.java:3389)
	at java.desktop/java.awt.Component.processEvent(Component.java:6391)
	at java.desktop/java.awt.Container.processEvent(Container.java:2266)
	at java.desktop/java.awt.Component.dispatchEventImpl(Component.java:5001)
	at java.desktop/java.awt.Container.dispatchEventImpl(Container.java:2324)
	at java.desktop/java.awt.Component.dispatchEvent(Component.java:4833)
	at java.desktop/java.awt.LightweightDispatcher.retargetMouseEvent(Container.java:4948)
	at java.desktop/java.awt.LightweightDispatcher.processMouseEvent(Container.java:4575)
	at java.desktop/java.awt.LightweightDispatcher.dispatchEvent(Container.java:4516)
	at java.desktop/java.awt.Container.dispatchEventImpl(Container.java:2310)
	at java.desktop/java.awt.Window.dispatchEventImpl(Window.java:2780)
	at java.desktop/java.awt.Component.dispatchEvent(Component.java:4833)
	at java.desktop/java.awt.EventQueue.dispatchEventImpl(EventQueue.java:775)
	at java.desktop/java.awt.EventQueue$4.run(EventQueue.java:720)
	at java.desktop/java.awt.EventQueue$4.run(EventQueue.java:714)
	at java.base/java.security.AccessController.doPrivileged(AccessController.java:399)
	at java.base/java.security.ProtectionDomain$JavaSecurityAccessImpl.doIntersectionPrivilege(ProtectionDomain.java:86)
	at java.base/java.security.ProtectionDomain$JavaSecurityAccessImpl.doIntersectionPrivilege(ProtectionDomain.java:97)
	at java.desktop/java.awt.EventQueue$5.run(EventQueue.java:747)
	at java.desktop/java.awt.EventQueue$5.run(EventQueue.java:745)
	at java.base/java.security.AccessController.doPrivileged(AccessController.java:399)
	at java.base/java.security.ProtectionDomain$JavaSecurityAccessImpl.doIntersectionPrivilege(ProtectionDomain.java:86)
	at java.desktop/java.awt.EventQueue.dispatchEvent(EventQueue.java:744)
	at java.desktop/java.awt.EventDispatchThread.pumpOneEventForFilters(EventDispatchThread.java:203)
	at java.desktop/java.awt.EventDispatchThread.pumpEventsForFilter(EventDispatchThread.java:124)
	at java.desktop/java.awt.EventDispatchThread.pumpEventsForHierarchy(EventDispatchThread.java:113)
	at java.desktop/java.awt.EventDispatchThread.pumpEvents(EventDispatchThread.java:109)
	at java.desktop/java.awt.EventDispatchThread.pumpEvents(EventDispatchThread.java:101)
	at java.desktop/java.awt.EventDispatchThread.run(EventDispatchThread.java:90)

[2024-03-03 12:06:28 #10 load] 
Request set: {}

[2024-03-03 12:06:28 #11 load] 
[ObjectDB 2.6.9_09] Unexpected exception (Error 990)
  Generated by OpenJDK 64-Bit Server VM 17.0.9 (on Windows 10 10.0).
Please report this error on http://www.objectdb.com/database/issue/new
com.objectdb.o.InternalException: Unexpected request domain.Bidaiaria:'driver3@gmail.com'
com.objectdb.o.InternalException: Unexpected request domain.Bidaiaria:'driver3@gmail.com'
	at com.objectdb.o.LDR.Vz(LDR.java:1030)
	at com.objectdb.o.CST.ae(CST.java:605)
	at com.objectdb.o.CST.U6(CST.java:505)
	at com.objectdb.o.LDR.G(LDR.java:556)
	at com.objectdb.o.LDR.F(LDR.java:473)
	at com.objectdb.o.LDR.A(LDR.java:272)
	at com.objectdb.o.OBC.aO(OBC.java:1061)
	at com.objectdb.o.OBC.aM(OBC.java:979)
	at com.objectdb.jpa.EMImpl.find(EMImpl.java:599)
	at com.objectdb.jpa.EMImpl.find(EMImpl.java:519)
	at dataAccess.DataAccess.diruaSartu(DataAccess.java:145)
	at businessLogic.BLFacadeImplementation.diruaSartu(BLFacadeImplementation.java:118)
	at gui.DiruaSartuAteraGUI$4.actionPerformed(DiruaSartuAteraGUI.java:98)
	at java.desktop/javax.swing.AbstractButton.fireActionPerformed(AbstractButton.java:1972)
	at java.desktop/javax.swing.AbstractButton$Handler.actionPerformed(AbstractButton.java:2313)
	at java.desktop/javax.swing.DefaultButtonModel.fireActionPerformed(DefaultButtonModel.java:405)
	at java.desktop/javax.swing.DefaultButtonModel.setPressed(DefaultButtonModel.java:262)
	at java.desktop/javax.swing.plaf.basic.BasicButtonListener.mouseReleased(BasicButtonListener.java:279)
	at java.desktop/java.awt.Component.processMouseEvent(Component.java:6626)
	at java.desktop/javax.swing.JComponent.processMouseEvent(JComponent.java:3389)
	at java.desktop/java.awt.Component.processEvent(Component.java:6391)
	at java.desktop/java.awt.Container.processEvent(Container.java:2266)
	at java.desktop/java.awt.Component.dispatchEventImpl(Component.java:5001)
	at java.desktop/java.awt.Container.dispatchEventImpl(Container.java:2324)
	at java.desktop/java.awt.Component.dispatchEvent(Component.java:4833)
	at java.desktop/java.awt.LightweightDispatcher.retargetMouseEvent(Container.java:4948)
	at java.desktop/java.awt.LightweightDispatcher.processMouseEvent(Container.java:4575)
	at java.desktop/java.awt.LightweightDispatcher.dispatchEvent(Container.java:4516)
	at java.desktop/java.awt.Container.dispatchEventImpl(Container.java:2310)
	at java.desktop/java.awt.Window.dispatchEventImpl(Window.java:2780)
	at java.desktop/java.awt.Component.dispatchEvent(Component.java:4833)
	at java.desktop/java.awt.EventQueue.dispatchEventImpl(EventQueue.java:775)
	at java.desktop/java.awt.EventQueue$4.run(EventQueue.java:720)
	at java.desktop/java.awt.EventQueue$4.run(EventQueue.java:714)
	at java.base/java.security.AccessController.doPrivileged(AccessController.java:399)
	at java.base/java.security.ProtectionDomain$JavaSecurityAccessImpl.doIntersectionPrivilege(ProtectionDomain.java:86)
	at java.base/java.security.ProtectionDomain$JavaSecurityAccessImpl.doIntersectionPrivilege(ProtectionDomain.java:97)
	at java.desktop/java.awt.EventQueue$5.run(EventQueue.java:747)
	at java.desktop/java.awt.EventQueue$5.run(EventQueue.java:745)
	at java.base/java.security.AccessController.doPrivileged(AccessController.java:399)
	at java.base/java.security.ProtectionDomain$JavaSecurityAccessImpl.doIntersectionPrivilege(ProtectionDomain.java:86)
	at java.desktop/java.awt.EventQueue.dispatchEvent(EventQueue.java:744)
	at java.desktop/java.awt.EventDispatchThread.pumpOneEventForFilters(EventDispatchThread.java:203)
	at java.desktop/java.awt.EventDispatchThread.pumpEventsForFilter(EventDispatchThread.java:124)
	at java.desktop/java.awt.EventDispatchThread.pumpEventsForHierarchy(EventDispatchThread.java:113)
	at java.desktop/java.awt.EventDispatchThread.pumpEvents(EventDispatchThread.java:109)
	at java.desktop/java.awt.EventDispatchThread.pumpEvents(EventDispatchThread.java:101)
	at java.desktop/java.awt.EventDispatchThread.run(EventDispatchThread.java:90)

[2024-03-03 12:06:28 #12 load] 
Request set: {}

[2024-03-03 12:06:29 #13 load] 
[ObjectDB 2.6.9_09] Unexpected exception (Error 990)
  Generated by OpenJDK 64-Bit Server VM 17.0.9 (on Windows 10 10.0).
Please report this error on http://www.objectdb.com/database/issue/new
com.objectdb.o.InternalException: Unexpected request domain.Bidaiaria:'driver3@gmail.com'
com.objectdb.o.InternalException: Unexpected request domain.Bidaiaria:'driver3@gmail.com'
	at com.objectdb.o.LDR.Vz(LDR.java:1030)
	at com.objectdb.o.CST.ae(CST.java:605)
	at com.objectdb.o.CST.U6(CST.java:505)
	at com.objectdb.o.LDR.G(LDR.java:556)
	at com.objectdb.o.LDR.F(LDR.java:473)
	at com.objectdb.o.LDR.A(LDR.java:272)
	at com.objectdb.o.OBC.aO(OBC.java:1061)
	at com.objectdb.o.OBC.aM(OBC.java:979)
	at com.objectdb.jpa.EMImpl.find(EMImpl.java:599)
	at com.objectdb.jpa.EMImpl.find(EMImpl.java:519)
	at dataAccess.DataAccess.diruaSartu(DataAccess.java:145)
	at businessLogic.BLFacadeImplementation.diruaSartu(BLFacadeImplementation.java:118)
	at gui.DiruaSartuAteraGUI$4.actionPerformed(DiruaSartuAteraGUI.java:98)
	at java.desktop/javax.swing.AbstractButton.fireActionPerformed(AbstractButton.java:1972)
	at java.desktop/javax.swing.AbstractButton$Handler.actionPerformed(AbstractButton.java:2313)
	at java.desktop/javax.swing.DefaultButtonModel.fireActionPerformed(DefaultButtonModel.java:405)
	at java.desktop/javax.swing.DefaultButtonModel.setPressed(DefaultButtonModel.java:262)
	at java.desktop/javax.swing.plaf.basic.BasicButtonListener.mouseReleased(BasicButtonListener.java:279)
	at java.desktop/java.awt.Component.processMouseEvent(Component.java:6626)
	at java.desktop/javax.swing.JComponent.processMouseEvent(JComponent.java:3389)
	at java.desktop/java.awt.Component.processEvent(Component.java:6391)
	at java.desktop/java.awt.Container.processEvent(Container.java:2266)
	at java.desktop/java.awt.Component.dispatchEventImpl(Component.java:5001)
	at java.desktop/java.awt.Container.dispatchEventImpl(Container.java:2324)
	at java.desktop/java.awt.Component.dispatchEvent(Component.java:4833)
	at java.desktop/java.awt.LightweightDispatcher.retargetMouseEvent(Container.java:4948)
	at java.desktop/java.awt.LightweightDispatcher.processMouseEvent(Container.java:4575)
	at java.desktop/java.awt.LightweightDispatcher.dispatchEvent(Container.java:4516)
	at java.desktop/java.awt.Container.dispatchEventImpl(Container.java:2310)
	at java.desktop/java.awt.Window.dispatchEventImpl(Window.java:2780)
	at java.desktop/java.awt.Component.dispatchEvent(Component.java:4833)
	at java.desktop/java.awt.EventQueue.dispatchEventImpl(EventQueue.java:775)
	at java.desktop/java.awt.EventQueue$4.run(EventQueue.java:720)
	at java.desktop/java.awt.EventQueue$4.run(EventQueue.java:714)
	at java.base/java.security.AccessController.doPrivileged(AccessController.java:399)
	at java.base/java.security.ProtectionDomain$JavaSecurityAccessImpl.doIntersectionPrivilege(ProtectionDomain.java:86)
	at java.base/java.security.ProtectionDomain$JavaSecurityAccessImpl.doIntersectionPrivilege(ProtectionDomain.java:97)
	at java.desktop/java.awt.EventQueue$5.run(EventQueue.java:747)
	at java.desktop/java.awt.EventQueue$5.run(EventQueue.java:745)
	at java.base/java.security.AccessController.doPrivileged(AccessController.java:399)
	at java.base/java.security.ProtectionDomain$JavaSecurityAccessImpl.doIntersectionPrivilege(ProtectionDomain.java:86)
	at java.desktop/java.awt.EventQueue.dispatchEvent(EventQueue.java:744)
	at java.desktop/java.awt.EventDispatchThread.pumpOneEventForFilters(EventDispatchThread.java:203)
	at java.desktop/java.awt.EventDispatchThread.pumpEventsForFilter(EventDispatchThread.java:124)
	at java.desktop/java.awt.EventDispatchThread.pumpEventsForHierarchy(EventDispatchThread.java:113)
	at java.desktop/java.awt.EventDispatchThread.pumpEvents(EventDispatchThread.java:109)
	at java.desktop/java.awt.EventDispatchThread.pumpEvents(EventDispatchThread.java:101)
	at java.desktop/java.awt.EventDispatchThread.run(EventDispatchThread.java:90)

[2024-03-03 12:06:29 #14 load] 
Request set: {}

------------------------------------------------------------------------------------------------------------------------

[2024-03-03 12:53:47 #1 type] 
Type domain.User is not enhanced.

[2024-03-03 12:53:47 #2 type] 
Type domain.Driver is not enhanced.

[2024-03-03 12:53:47 #3 type] 
Type domain.Ride is not enhanced.

[2024-03-03 12:53:47 #4 type] 
Type domain.Bidaiaria is not enhanced.

[2024-03-03 12:53:59 #5 load] 
[ObjectDB 2.6.9_09] Unexpected exception (Error 990)
  Generated by OpenJDK 64-Bit Server VM 17.0.9 (on Windows 10 10.0).
Please report this error on http://www.objectdb.com/database/issue/new
com.objectdb.o.InternalException: Unexpected request domain.Bidaiaria:'driver3@gmail.com'
com.objectdb.o.InternalException: Unexpected request domain.Bidaiaria:'driver3@gmail.com'
	at com.objectdb.o.LDR.Vz(LDR.java:1030)
	at com.objectdb.o.CST.ae(CST.java:605)
	at com.objectdb.o.CST.U6(CST.java:505)
	at com.objectdb.o.LDR.G(LDR.java:556)
	at com.objectdb.o.LDR.F(LDR.java:473)
	at com.objectdb.o.LDR.A(LDR.java:272)
	at com.objectdb.o.OBC.aO(OBC.java:1061)
	at com.objectdb.o.OBC.aM(OBC.java:979)
	at com.objectdb.jpa.EMImpl.find(EMImpl.java:599)
	at com.objectdb.jpa.EMImpl.find(EMImpl.java:519)
	at dataAccess.DataAccess.diruKopLortu(DataAccess.java:168)
	at businessLogic.BLFacadeImplementation.diruKopLortu(BLFacadeImplementation.java:136)
	at gui.DiruaSartuAteraGUI$3.actionPerformed(DiruaSartuAteraGUI.java:84)
	at java.desktop/javax.swing.AbstractButton.fireActionPerformed(AbstractButton.java:1972)
	at java.desktop/javax.swing.AbstractButton$Handler.actionPerformed(AbstractButton.java:2313)
	at java.desktop/javax.swing.DefaultButtonModel.fireActionPerformed(DefaultButtonModel.java:405)
	at java.desktop/javax.swing.DefaultButtonModel.setPressed(DefaultButtonModel.java:262)
	at java.desktop/javax.swing.plaf.basic.BasicButtonListener.mouseReleased(BasicButtonListener.java:279)
	at java.desktop/java.awt.Component.processMouseEvent(Component.java:6626)
	at java.desktop/javax.swing.JComponent.processMouseEvent(JComponent.java:3389)
	at java.desktop/java.awt.Component.processEvent(Component.java:6391)
	at java.desktop/java.awt.Container.processEvent(Container.java:2266)
	at java.desktop/java.awt.Component.dispatchEventImpl(Component.java:5001)
	at java.desktop/java.awt.Container.dispatchEventImpl(Container.java:2324)
	at java.desktop/java.awt.Component.dispatchEvent(Component.java:4833)
	at java.desktop/java.awt.LightweightDispatcher.retargetMouseEvent(Container.java:4948)
	at java.desktop/java.awt.LightweightDispatcher.processMouseEvent(Container.java:4575)
	at java.desktop/java.awt.LightweightDispatcher.dispatchEvent(Container.java:4516)
	at java.desktop/java.awt.Container.dispatchEventImpl(Container.java:2310)
	at java.desktop/java.awt.Window.dispatchEventImpl(Window.java:2780)
	at java.desktop/java.awt.Component.dispatchEvent(Component.java:4833)
	at java.desktop/java.awt.EventQueue.dispatchEventImpl(EventQueue.java:775)
	at java.desktop/java.awt.EventQueue$4.run(EventQueue.java:720)
	at java.desktop/java.awt.EventQueue$4.run(EventQueue.java:714)
	at java.base/java.security.AccessController.doPrivileged(AccessController.java:399)
	at java.base/java.security.ProtectionDomain$JavaSecurityAccessImpl.doIntersectionPrivilege(ProtectionDomain.java:86)
	at java.base/java.security.ProtectionDomain$JavaSecurityAccessImpl.doIntersectionPrivilege(ProtectionDomain.java:97)
	at java.desktop/java.awt.EventQueue$5.run(EventQueue.java:747)
	at java.desktop/java.awt.EventQueue$5.run(EventQueue.java:745)
	at java.base/java.security.AccessController.doPrivileged(AccessController.java:399)
	at java.base/java.security.ProtectionDomain$JavaSecurityAccessImpl.doIntersectionPrivilege(ProtectionDomain.java:86)
	at java.desktop/java.awt.EventQueue.dispatchEvent(EventQueue.java:744)
	at java.desktop/java.awt.EventDispatchThread.pumpOneEventForFilters(EventDispatchThread.java:203)
	at java.desktop/java.awt.EventDispatchThread.pumpEventsForFilter(EventDispatchThread.java:124)
	at java.desktop/java.awt.EventDispatchThread.pumpEventsForHierarchy(EventDispatchThread.java:113)
	at java.desktop/java.awt.EventDispatchThread.pumpEvents(EventDispatchThread.java:109)
	at java.desktop/java.awt.EventDispatchThread.pumpEvents(EventDispatchThread.java:101)
	at java.desktop/java.awt.EventDispatchThread.run(EventDispatchThread.java:90)

[2024-03-03 12:53:59 #6 load] 
Request set: {}

[2024-03-03 12:54:27 #7 load] 
[ObjectDB 2.6.9_09] Unexpected exception (Error 990)
  Generated by OpenJDK 64-Bit Server VM 17.0.9 (on Windows 10 10.0).
Please report this error on http://www.objectdb.com/database/issue/new
com.objectdb.o.InternalException: Unexpected request domain.Bidaiaria:'driver3@gmail.com'
com.objectdb.o.InternalException: Unexpected request domain.Bidaiaria:'driver3@gmail.com'
	at com.objectdb.o.LDR.Vz(LDR.java:1030)
	at com.objectdb.o.CST.ae(CST.java:605)
	at com.objectdb.o.CST.U6(CST.java:505)
	at com.objectdb.o.LDR.G(LDR.java:556)
	at com.objectdb.o.LDR.F(LDR.java:473)
	at com.objectdb.o.LDR.A(LDR.java:272)
	at com.objectdb.o.OBC.aO(OBC.java:1061)
	at com.objectdb.o.OBC.aM(OBC.java:979)
	at com.objectdb.jpa.EMImpl.find(EMImpl.java:599)
	at com.objectdb.jpa.EMImpl.find(EMImpl.java:519)
	at dataAccess.DataAccess.diruaSartu(DataAccess.java:145)
	at businessLogic.BLFacadeImplementation.diruaSartu(BLFacadeImplementation.java:118)
	at gui.DiruaSartuAteraGUI$4.actionPerformed(DiruaSartuAteraGUI.java:98)
	at java.desktop/javax.swing.AbstractButton.fireActionPerformed(AbstractButton.java:1972)
	at java.desktop/javax.swing.AbstractButton$Handler.actionPerformed(AbstractButton.java:2313)
	at java.desktop/javax.swing.DefaultButtonModel.fireActionPerformed(DefaultButtonModel.java:405)
	at java.desktop/javax.swing.DefaultButtonModel.setPressed(DefaultButtonModel.java:262)
	at java.desktop/javax.swing.plaf.basic.BasicButtonListener.mouseReleased(BasicButtonListener.java:279)
	at java.desktop/java.awt.Component.processMouseEvent(Component.java:6626)
	at java.desktop/javax.swing.JComponent.processMouseEvent(JComponent.java:3389)
	at java.desktop/java.awt.Component.processEvent(Component.java:6391)
	at java.desktop/java.awt.Container.processEvent(Container.java:2266)
	at java.desktop/java.awt.Component.dispatchEventImpl(Component.java:5001)
	at java.desktop/java.awt.Container.dispatchEventImpl(Container.java:2324)
	at java.desktop/java.awt.Component.dispatchEvent(Component.java:4833)
	at java.desktop/java.awt.LightweightDispatcher.retargetMouseEvent(Container.java:4948)
	at java.desktop/java.awt.LightweightDispatcher.processMouseEvent(Container.java:4575)
	at java.desktop/java.awt.LightweightDispatcher.dispatchEvent(Container.java:4516)
	at java.desktop/java.awt.Container.dispatchEventImpl(Container.java:2310)
	at java.desktop/java.awt.Window.dispatchEventImpl(Window.java:2780)
	at java.desktop/java.awt.Component.dispatchEvent(Component.java:4833)
	at java.desktop/java.awt.EventQueue.dispatchEventImpl(EventQueue.java:775)
	at java.desktop/java.awt.EventQueue$4.run(EventQueue.java:720)
	at java.desktop/java.awt.EventQueue$4.run(EventQueue.java:714)
	at java.base/java.security.AccessController.doPrivileged(AccessController.java:399)
	at java.base/java.security.ProtectionDomain$JavaSecurityAccessImpl.doIntersectionPrivilege(ProtectionDomain.java:86)
	at java.base/java.security.ProtectionDomain$JavaSecurityAccessImpl.doIntersectionPrivilege(ProtectionDomain.java:97)
	at java.desktop/java.awt.EventQueue$5.run(EventQueue.java:747)
	at java.desktop/java.awt.EventQueue$5.run(EventQueue.java:745)
	at java.base/java.security.AccessController.doPrivileged(AccessController.java:399)
	at java.base/java.security.ProtectionDomain$JavaSecurityAccessImpl.doIntersectionPrivilege(ProtectionDomain.java:86)
	at java.desktop/java.awt.EventQueue.dispatchEvent(EventQueue.java:744)
	at java.desktop/java.awt.EventDispatchThread.pumpOneEventForFilters(EventDispatchThread.java:203)
	at java.desktop/java.awt.EventDispatchThread.pumpEventsForFilter(EventDispatchThread.java:124)
	at java.desktop/java.awt.EventDispatchThread.pumpEventsForHierarchy(EventDispatchThread.java:113)
	at java.desktop/java.awt.EventDispatchThread.pumpEvents(EventDispatchThread.java:109)
	at java.desktop/java.awt.EventDispatchThread.pumpEvents(EventDispatchThread.java:101)
	at java.desktop/java.awt.EventDispatchThread.run(EventDispatchThread.java:90)

[2024-03-03 12:54:27 #8 load] 
Request set: {}

[2024-03-03 12:54:32 #9 load] 
[ObjectDB 2.6.9_09] Unexpected exception (Error 990)
  Generated by OpenJDK 64-Bit Server VM 17.0.9 (on Windows 10 10.0).
Please report this error on http://www.objectdb.com/database/issue/new
com.objectdb.o.InternalException: Unexpected request domain.Bidaiaria:'driver3@gmail.com'
com.objectdb.o.InternalException: Unexpected request domain.Bidaiaria:'driver3@gmail.com'
	at com.objectdb.o.LDR.Vz(LDR.java:1030)
	at com.objectdb.o.CST.ae(CST.java:605)
	at com.objectdb.o.CST.U6(CST.java:505)
	at com.objectdb.o.LDR.G(LDR.java:556)
	at com.objectdb.o.LDR.F(LDR.java:473)
	at com.objectdb.o.LDR.A(LDR.java:272)
	at com.objectdb.o.OBC.aO(OBC.java:1061)
	at com.objectdb.o.OBC.aM(OBC.java:979)
	at com.objectdb.jpa.EMImpl.find(EMImpl.java:599)
	at com.objectdb.jpa.EMImpl.find(EMImpl.java:519)
	at dataAccess.DataAccess.diruaAtera(DataAccess.java:155)
	at businessLogic.BLFacadeImplementation.diruaAtera(BLFacadeImplementation.java:127)
	at gui.DiruaSartuAteraGUI$4.actionPerformed(DiruaSartuAteraGUI.java:106)
	at java.desktop/javax.swing.AbstractButton.fireActionPerformed(AbstractButton.java:1972)
	at java.desktop/javax.swing.AbstractButton$Handler.actionPerformed(AbstractButton.java:2313)
	at java.desktop/javax.swing.DefaultButtonModel.fireActionPerformed(DefaultButtonModel.java:405)
	at java.desktop/javax.swing.DefaultButtonModel.setPressed(DefaultButtonModel.java:262)
	at java.desktop/javax.swing.plaf.basic.BasicButtonListener.mouseReleased(BasicButtonListener.java:279)
	at java.desktop/java.awt.Component.processMouseEvent(Component.java:6626)
	at java.desktop/javax.swing.JComponent.processMouseEvent(JComponent.java:3389)
	at java.desktop/java.awt.Component.processEvent(Component.java:6391)
	at java.desktop/java.awt.Container.processEvent(Container.java:2266)
	at java.desktop/java.awt.Component.dispatchEventImpl(Component.java:5001)
	at java.desktop/java.awt.Container.dispatchEventImpl(Container.java:2324)
	at java.desktop/java.awt.Component.dispatchEvent(Component.java:4833)
	at java.desktop/java.awt.LightweightDispatcher.retargetMouseEvent(Container.java:4948)
	at java.desktop/java.awt.LightweightDispatcher.processMouseEvent(Container.java:4575)
	at java.desktop/java.awt.LightweightDispatcher.dispatchEvent(Container.java:4516)
	at java.desktop/java.awt.Container.dispatchEventImpl(Container.java:2310)
	at java.desktop/java.awt.Window.dispatchEventImpl(Window.java:2780)
	at java.desktop/java.awt.Component.dispatchEvent(Component.java:4833)
	at java.desktop/java.awt.EventQueue.dispatchEventImpl(EventQueue.java:775)
	at java.desktop/java.awt.EventQueue$4.run(EventQueue.java:720)
	at java.desktop/java.awt.EventQueue$4.run(EventQueue.java:714)
	at java.base/java.security.AccessController.doPrivileged(AccessController.java:399)
	at java.base/java.security.ProtectionDomain$JavaSecurityAccessImpl.doIntersectionPrivilege(ProtectionDomain.java:86)
	at java.base/java.security.ProtectionDomain$JavaSecurityAccessImpl.doIntersectionPrivilege(ProtectionDomain.java:97)
	at java.desktop/java.awt.EventQueue$5.run(EventQueue.java:747)
	at java.desktop/java.awt.EventQueue$5.run(EventQueue.java:745)
	at java.base/java.security.AccessController.doPrivileged(AccessController.java:399)
	at java.base/java.security.ProtectionDomain$JavaSecurityAccessImpl.doIntersectionPrivilege(ProtectionDomain.java:86)
	at java.desktop/java.awt.EventQueue.dispatchEvent(EventQueue.java:744)
	at java.desktop/java.awt.EventDispatchThread.pumpOneEventForFilters(EventDispatchThread.java:203)
	at java.desktop/java.awt.EventDispatchThread.pumpEventsForFilter(EventDispatchThread.java:124)
	at java.desktop/java.awt.EventDispatchThread.pumpEventsForHierarchy(EventDispatchThread.java:113)
	at java.desktop/java.awt.EventDispatchThread.pumpEvents(EventDispatchThread.java:109)
	at java.desktop/java.awt.EventDispatchThread.pumpEvents(EventDispatchThread.java:101)
	at java.desktop/java.awt.EventDispatchThread.run(EventDispatchThread.java:90)

[2024-03-03 12:54:32 #10 load] 
Request set: {}

[2024-03-03 12:54:33 #11 load] 
[ObjectDB 2.6.9_09] Unexpected exception (Error 990)
  Generated by OpenJDK 64-Bit Server VM 17.0.9 (on Windows 10 10.0).
Please report this error on http://www.objectdb.com/database/issue/new
com.objectdb.o.InternalException: Unexpected request domain.Bidaiaria:'driver3@gmail.com'
com.objectdb.o.InternalException: Unexpected request domain.Bidaiaria:'driver3@gmail.com'
	at com.objectdb.o.LDR.Vz(LDR.java:1030)
	at com.objectdb.o.CST.ae(CST.java:605)
	at com.objectdb.o.CST.U6(CST.java:505)
	at com.objectdb.o.LDR.G(LDR.java:556)
	at com.objectdb.o.LDR.F(LDR.java:473)
	at com.objectdb.o.LDR.A(LDR.java:272)
	at com.objectdb.o.OBC.aO(OBC.java:1061)
	at com.objectdb.o.OBC.aM(OBC.java:979)
	at com.objectdb.jpa.EMImpl.find(EMImpl.java:599)
	at com.objectdb.jpa.EMImpl.find(EMImpl.java:519)
	at dataAccess.DataAccess.diruaAtera(DataAccess.java:155)
	at businessLogic.BLFacadeImplementation.diruaAtera(BLFacadeImplementation.java:127)
	at gui.DiruaSartuAteraGUI$4.actionPerformed(DiruaSartuAteraGUI.java:106)
	at java.desktop/javax.swing.AbstractButton.fireActionPerformed(AbstractButton.java:1972)
	at java.desktop/javax.swing.AbstractButton$Handler.actionPerformed(AbstractButton.java:2313)
	at java.desktop/javax.swing.DefaultButtonModel.fireActionPerformed(DefaultButtonModel.java:405)
	at java.desktop/javax.swing.DefaultButtonModel.setPressed(DefaultButtonModel.java:262)
	at java.desktop/javax.swing.plaf.basic.BasicButtonListener.mouseReleased(BasicButtonListener.java:279)
	at java.desktop/java.awt.Component.processMouseEvent(Component.java:6626)
	at java.desktop/javax.swing.JComponent.processMouseEvent(JComponent.java:3389)
	at java.desktop/java.awt.Component.processEvent(Component.java:6391)
	at java.desktop/java.awt.Container.processEvent(Container.java:2266)
	at java.desktop/java.awt.Component.dispatchEventImpl(Component.java:5001)
	at java.desktop/java.awt.Container.dispatchEventImpl(Container.java:2324)
	at java.desktop/java.awt.Component.dispatchEvent(Component.java:4833)
	at java.desktop/java.awt.LightweightDispatcher.retargetMouseEvent(Container.java:4948)
	at java.desktop/java.awt.LightweightDispatcher.processMouseEvent(Container.java:4575)
	at java.desktop/java.awt.LightweightDispatcher.dispatchEvent(Container.java:4516)
	at java.desktop/java.awt.Container.dispatchEventImpl(Container.java:2310)
	at java.desktop/java.awt.Window.dispatchEventImpl(Window.java:2780)
	at java.desktop/java.awt.Component.dispatchEvent(Component.java:4833)
	at java.desktop/java.awt.EventQueue.dispatchEventImpl(EventQueue.java:775)
	at java.desktop/java.awt.EventQueue$4.run(EventQueue.java:720)
	at java.desktop/java.awt.EventQueue$4.run(EventQueue.java:714)
	at java.base/java.security.AccessController.doPrivileged(AccessController.java:399)
	at java.base/java.security.ProtectionDomain$JavaSecurityAccessImpl.doIntersectionPrivilege(ProtectionDomain.java:86)
	at java.base/java.security.ProtectionDomain$JavaSecurityAccessImpl.doIntersectionPrivilege(ProtectionDomain.java:97)
	at java.desktop/java.awt.EventQueue$5.run(EventQueue.java:747)
	at java.desktop/java.awt.EventQueue$5.run(EventQueue.java:745)
	at java.base/java.security.AccessController.doPrivileged(AccessController.java:399)
	at java.base/java.security.ProtectionDomain$JavaSecurityAccessImpl.doIntersectionPrivilege(ProtectionDomain.java:86)
	at java.desktop/java.awt.EventQueue.dispatchEvent(EventQueue.java:744)
	at java.desktop/java.awt.EventDispatchThread.pumpOneEventForFilters(EventDispatchThread.java:203)
	at java.desktop/java.awt.EventDispatchThread.pumpEventsForFilter(EventDispatchThread.java:124)
	at java.desktop/java.awt.EventDispatchThread.pumpEventsForHierarchy(EventDispatchThread.java:113)
	at java.desktop/java.awt.EventDispatchThread.pumpEvents(EventDispatchThread.java:109)
	at java.desktop/java.awt.EventDispatchThread.pumpEvents(EventDispatchThread.java:101)
	at java.desktop/java.awt.EventDispatchThread.run(EventDispatchThread.java:90)

[2024-03-03 12:54:33 #12 load] 
Request set: {}

[2024-03-03 12:54:33 #13 load] 
[ObjectDB 2.6.9_09] Unexpected exception (Error 990)
  Generated by OpenJDK 64-Bit Server VM 17.0.9 (on Windows 10 10.0).
Please report this error on http://www.objectdb.com/database/issue/new
com.objectdb.o.InternalException: Unexpected request domain.Bidaiaria:'driver3@gmail.com'
com.objectdb.o.InternalException: Unexpected request domain.Bidaiaria:'driver3@gmail.com'
	at com.objectdb.o.LDR.Vz(LDR.java:1030)
	at com.objectdb.o.CST.ae(CST.java:605)
	at com.objectdb.o.CST.U6(CST.java:505)
	at com.objectdb.o.LDR.G(LDR.java:556)
	at com.objectdb.o.LDR.F(LDR.java:473)
	at com.objectdb.o.LDR.A(LDR.java:272)
	at com.objectdb.o.OBC.aO(OBC.java:1061)
	at com.objectdb.o.OBC.aM(OBC.java:979)
	at com.objectdb.jpa.EMImpl.find(EMImpl.java:599)
	at com.objectdb.jpa.EMImpl.find(EMImpl.java:519)
	at dataAccess.DataAccess.diruaAtera(DataAccess.java:155)
	at businessLogic.BLFacadeImplementation.diruaAtera(BLFacadeImplementation.java:127)
	at gui.DiruaSartuAteraGUI$4.actionPerformed(DiruaSartuAteraGUI.java:106)
	at java.desktop/javax.swing.AbstractButton.fireActionPerformed(AbstractButton.java:1972)
	at java.desktop/javax.swing.AbstractButton$Handler.actionPerformed(AbstractButton.java:2313)
	at java.desktop/javax.swing.DefaultButtonModel.fireActionPerformed(DefaultButtonModel.java:405)
	at java.desktop/javax.swing.DefaultButtonModel.setPressed(DefaultButtonModel.java:262)
	at java.desktop/javax.swing.plaf.basic.BasicButtonListener.mouseReleased(BasicButtonListener.java:279)
	at java.desktop/java.awt.Component.processMouseEvent(Component.java:6626)
	at java.desktop/javax.swing.JComponent.processMouseEvent(JComponent.java:3389)
	at java.desktop/java.awt.Component.processEvent(Component.java:6391)
	at java.desktop/java.awt.Container.processEvent(Container.java:2266)
	at java.desktop/java.awt.Component.dispatchEventImpl(Component.java:5001)
	at java.desktop/java.awt.Container.dispatchEventImpl(Container.java:2324)
	at java.desktop/java.awt.Component.dispatchEvent(Component.java:4833)
	at java.desktop/java.awt.LightweightDispatcher.retargetMouseEvent(Container.java:4948)
	at java.desktop/java.awt.LightweightDispatcher.processMouseEvent(Container.java:4575)
	at java.desktop/java.awt.LightweightDispatcher.dispatchEvent(Container.java:4516)
	at java.desktop/java.awt.Container.dispatchEventImpl(Container.java:2310)
	at java.desktop/java.awt.Window.dispatchEventImpl(Window.java:2780)
	at java.desktop/java.awt.Component.dispatchEvent(Component.java:4833)
	at java.desktop/java.awt.EventQueue.dispatchEventImpl(EventQueue.java:775)
	at java.desktop/java.awt.EventQueue$4.run(EventQueue.java:720)
	at java.desktop/java.awt.EventQueue$4.run(EventQueue.java:714)
	at java.base/java.security.AccessController.doPrivileged(AccessController.java:399)
	at java.base/java.security.ProtectionDomain$JavaSecurityAccessImpl.doIntersectionPrivilege(ProtectionDomain.java:86)
	at java.base/java.security.ProtectionDomain$JavaSecurityAccessImpl.doIntersectionPrivilege(ProtectionDomain.java:97)
	at java.desktop/java.awt.EventQueue$5.run(EventQueue.java:747)
	at java.desktop/java.awt.EventQueue$5.run(EventQueue.java:745)
	at java.base/java.security.AccessController.doPrivileged(AccessController.java:399)
	at java.base/java.security.ProtectionDomain$JavaSecurityAccessImpl.doIntersectionPrivilege(ProtectionDomain.java:86)
	at java.desktop/java.awt.EventQueue.dispatchEvent(EventQueue.java:744)
	at java.desktop/java.awt.EventDispatchThread.pumpOneEventForFilters(EventDispatchThread.java:203)
	at java.desktop/java.awt.EventDispatchThread.pumpEventsForFilter(EventDispatchThread.java:124)
	at java.desktop/java.awt.EventDispatchThread.pumpEventsForHierarchy(EventDispatchThread.java:113)
	at java.desktop/java.awt.EventDispatchThread.pumpEvents(EventDispatchThread.java:109)
	at java.desktop/java.awt.EventDispatchThread.pumpEvents(EventDispatchThread.java:101)
	at java.desktop/java.awt.EventDispatchThread.run(EventDispatchThread.java:90)

[2024-03-03 12:54:33 #14 load] 
Request set: {}

[2024-03-03 12:54:33 #15 load] 
[ObjectDB 2.6.9_09] Unexpected exception (Error 990)
  Generated by OpenJDK 64-Bit Server VM 17.0.9 (on Windows 10 10.0).
Please report this error on http://www.objectdb.com/database/issue/new
com.objectdb.o.InternalException: Unexpected request domain.Bidaiaria:'driver3@gmail.com'
com.objectdb.o.InternalException: Unexpected request domain.Bidaiaria:'driver3@gmail.com'
	at com.objectdb.o.LDR.Vz(LDR.java:1030)
	at com.objectdb.o.CST.ae(CST.java:605)
	at com.objectdb.o.CST.U6(CST.java:505)
	at com.objectdb.o.LDR.G(LDR.java:556)
	at com.objectdb.o.LDR.F(LDR.java:473)
	at com.objectdb.o.LDR.A(LDR.java:272)
	at com.objectdb.o.OBC.aO(OBC.java:1061)
	at com.objectdb.o.OBC.aM(OBC.java:979)
	at com.objectdb.jpa.EMImpl.find(EMImpl.java:599)
	at com.objectdb.jpa.EMImpl.find(EMImpl.java:519)
	at dataAccess.DataAccess.diruaAtera(DataAccess.java:155)
	at businessLogic.BLFacadeImplementation.diruaAtera(BLFacadeImplementation.java:127)
	at gui.DiruaSartuAteraGUI$4.actionPerformed(DiruaSartuAteraGUI.java:106)
	at java.desktop/javax.swing.AbstractButton.fireActionPerformed(AbstractButton.java:1972)
	at java.desktop/javax.swing.AbstractButton$Handler.actionPerformed(AbstractButton.java:2313)
	at java.desktop/javax.swing.DefaultButtonModel.fireActionPerformed(DefaultButtonModel.java:405)
	at java.desktop/javax.swing.DefaultButtonModel.setPressed(DefaultButtonModel.java:262)
	at java.desktop/javax.swing.plaf.basic.BasicButtonListener.mouseReleased(BasicButtonListener.java:279)
	at java.desktop/java.awt.Component.processMouseEvent(Component.java:6626)
	at java.desktop/javax.swing.JComponent.processMouseEvent(JComponent.java:3389)
	at java.desktop/java.awt.Component.processEvent(Component.java:6391)
	at java.desktop/java.awt.Container.processEvent(Container.java:2266)
	at java.desktop/java.awt.Component.dispatchEventImpl(Component.java:5001)
	at java.desktop/java.awt.Container.dispatchEventImpl(Container.java:2324)
	at java.desktop/java.awt.Component.dispatchEvent(Component.java:4833)
	at java.desktop/java.awt.LightweightDispatcher.retargetMouseEvent(Container.java:4948)
	at java.desktop/java.awt.LightweightDispatcher.processMouseEvent(Container.java:4575)
	at java.desktop/java.awt.LightweightDispatcher.dispatchEvent(Container.java:4516)
	at java.desktop/java.awt.Container.dispatchEventImpl(Container.java:2310)
	at java.desktop/java.awt.Window.dispatchEventImpl(Window.java:2780)
	at java.desktop/java.awt.Component.dispatchEvent(Component.java:4833)
	at java.desktop/java.awt.EventQueue.dispatchEventImpl(EventQueue.java:775)
	at java.desktop/java.awt.EventQueue$4.run(EventQueue.java:720)
	at java.desktop/java.awt.EventQueue$4.run(EventQueue.java:714)
	at java.base/java.security.AccessController.doPrivileged(AccessController.java:399)
	at java.base/java.security.ProtectionDomain$JavaSecurityAccessImpl.doIntersectionPrivilege(ProtectionDomain.java:86)
	at java.base/java.security.ProtectionDomain$JavaSecurityAccessImpl.doIntersectionPrivilege(ProtectionDomain.java:97)
	at java.desktop/java.awt.EventQueue$5.run(EventQueue.java:747)
	at java.desktop/java.awt.EventQueue$5.run(EventQueue.java:745)
	at java.base/java.security.AccessController.doPrivileged(AccessController.java:399)
	at java.base/java.security.ProtectionDomain$JavaSecurityAccessImpl.doIntersectionPrivilege(ProtectionDomain.java:86)
	at java.desktop/java.awt.EventQueue.dispatchEvent(EventQueue.java:744)
	at java.desktop/java.awt.EventDispatchThread.pumpOneEventForFilters(EventDispatchThread.java:203)
	at java.desktop/java.awt.EventDispatchThread.pumpEventsForFilter(EventDispatchThread.java:124)
	at java.desktop/java.awt.EventDispatchThread.pumpEventsForHierarchy(EventDispatchThread.java:113)
	at java.desktop/java.awt.EventDispatchThread.pumpEvents(EventDispatchThread.java:109)
	at java.desktop/java.awt.EventDispatchThread.pumpEvents(EventDispatchThread.java:101)
	at java.desktop/java.awt.EventDispatchThread.run(EventDispatchThread.java:90)

[2024-03-03 12:54:33 #16 load] 
Request set: {}

[2024-03-03 12:54:34 #17 load] 
[ObjectDB 2.6.9_09] Unexpected exception (Error 990)
  Generated by OpenJDK 64-Bit Server VM 17.0.9 (on Windows 10 10.0).
Please report this error on http://www.objectdb.com/database/issue/new
com.objectdb.o.InternalException: Unexpected request domain.Bidaiaria:'driver3@gmail.com'
com.objectdb.o.InternalException: Unexpected request domain.Bidaiaria:'driver3@gmail.com'
	at com.objectdb.o.LDR.Vz(LDR.java:1030)
	at com.objectdb.o.CST.ae(CST.java:605)
	at com.objectdb.o.CST.U6(CST.java:505)
	at com.objectdb.o.LDR.G(LDR.java:556)
	at com.objectdb.o.LDR.F(LDR.java:473)
	at com.objectdb.o.LDR.A(LDR.java:272)
	at com.objectdb.o.OBC.aO(OBC.java:1061)
	at com.objectdb.o.OBC.aM(OBC.java:979)
	at com.objectdb.jpa.EMImpl.find(EMImpl.java:599)
	at com.objectdb.jpa.EMImpl.find(EMImpl.java:519)
	at dataAccess.DataAccess.diruaAtera(DataAccess.java:155)
	at businessLogic.BLFacadeImplementation.diruaAtera(BLFacadeImplementation.java:127)
	at gui.DiruaSartuAteraGUI$4.actionPerformed(DiruaSartuAteraGUI.java:106)
	at java.desktop/javax.swing.AbstractButton.fireActionPerformed(AbstractButton.java:1972)
	at java.desktop/javax.swing.AbstractButton$Handler.actionPerformed(AbstractButton.java:2313)
	at java.desktop/javax.swing.DefaultButtonModel.fireActionPerformed(DefaultButtonModel.java:405)
	at java.desktop/javax.swing.DefaultButtonModel.setPressed(DefaultButtonModel.java:262)
	at java.desktop/javax.swing.plaf.basic.BasicButtonListener.mouseReleased(BasicButtonListener.java:279)
	at java.desktop/java.awt.Component.processMouseEvent(Component.java:6626)
	at java.desktop/javax.swing.JComponent.processMouseEvent(JComponent.java:3389)
	at java.desktop/java.awt.Component.processEvent(Component.java:6391)
	at java.desktop/java.awt.Container.processEvent(Container.java:2266)
	at java.desktop/java.awt.Component.dispatchEventImpl(Component.java:5001)
	at java.desktop/java.awt.Container.dispatchEventImpl(Container.java:2324)
	at java.desktop/java.awt.Component.dispatchEvent(Component.java:4833)
	at java.desktop/java.awt.LightweightDispatcher.retargetMouseEvent(Container.java:4948)
	at java.desktop/java.awt.LightweightDispatcher.processMouseEvent(Container.java:4575)
	at java.desktop/java.awt.LightweightDispatcher.dispatchEvent(Container.java:4516)
	at java.desktop/java.awt.Container.dispatchEventImpl(Container.java:2310)
	at java.desktop/java.awt.Window.dispatchEventImpl(Window.java:2780)
	at java.desktop/java.awt.Component.dispatchEvent(Component.java:4833)
	at java.desktop/java.awt.EventQueue.dispatchEventImpl(EventQueue.java:775)
	at java.desktop/java.awt.EventQueue$4.run(EventQueue.java:720)
	at java.desktop/java.awt.EventQueue$4.run(EventQueue.java:714)
	at java.base/java.security.AccessController.doPrivileged(AccessController.java:399)
	at java.base/java.security.ProtectionDomain$JavaSecurityAccessImpl.doIntersectionPrivilege(ProtectionDomain.java:86)
	at java.base/java.security.ProtectionDomain$JavaSecurityAccessImpl.doIntersectionPrivilege(ProtectionDomain.java:97)
	at java.desktop/java.awt.EventQueue$5.run(EventQueue.java:747)
	at java.desktop/java.awt.EventQueue$5.run(EventQueue.java:745)
	at java.base/java.security.AccessController.doPrivileged(AccessController.java:399)
	at java.base/java.security.ProtectionDomain$JavaSecurityAccessImpl.doIntersectionPrivilege(ProtectionDomain.java:86)
	at java.desktop/java.awt.EventQueue.dispatchEvent(EventQueue.java:744)
	at java.desktop/java.awt.EventDispatchThread.pumpOneEventForFilters(EventDispatchThread.java:203)
	at java.desktop/java.awt.EventDispatchThread.pumpEventsForFilter(EventDispatchThread.java:124)
	at java.desktop/java.awt.EventDispatchThread.pumpEventsForHierarchy(EventDispatchThread.java:113)
	at java.desktop/java.awt.EventDispatchThread.pumpEvents(EventDispatchThread.java:109)
	at java.desktop/java.awt.EventDispatchThread.pumpEvents(EventDispatchThread.java:101)
	at java.desktop/java.awt.EventDispatchThread.run(EventDispatchThread.java:90)

[2024-03-03 12:54:34 #18 load] 
Request set: {}

[2024-03-03 12:54:34 #19 load] 
[ObjectDB 2.6.9_09] Unexpected exception (Error 990)
  Generated by OpenJDK 64-Bit Server VM 17.0.9 (on Windows 10 10.0).
Please report this error on http://www.objectdb.com/database/issue/new
com.objectdb.o.InternalException: Unexpected request domain.Bidaiaria:'driver3@gmail.com'
com.objectdb.o.InternalException: Unexpected request domain.Bidaiaria:'driver3@gmail.com'
	at com.objectdb.o.LDR.Vz(LDR.java:1030)
	at com.objectdb.o.CST.ae(CST.java:605)
	at com.objectdb.o.CST.U6(CST.java:505)
	at com.objectdb.o.LDR.G(LDR.java:556)
	at com.objectdb.o.LDR.F(LDR.java:473)
	at com.objectdb.o.LDR.A(LDR.java:272)
	at com.objectdb.o.OBC.aO(OBC.java:1061)
	at com.objectdb.o.OBC.aM(OBC.java:979)
	at com.objectdb.jpa.EMImpl.find(EMImpl.java:599)
	at com.objectdb.jpa.EMImpl.find(EMImpl.java:519)
	at dataAccess.DataAccess.diruaAtera(DataAccess.java:155)
	at businessLogic.BLFacadeImplementation.diruaAtera(BLFacadeImplementation.java:127)
	at gui.DiruaSartuAteraGUI$4.actionPerformed(DiruaSartuAteraGUI.java:106)
	at java.desktop/javax.swing.AbstractButton.fireActionPerformed(AbstractButton.java:1972)
	at java.desktop/javax.swing.AbstractButton$Handler.actionPerformed(AbstractButton.java:2313)
	at java.desktop/javax.swing.DefaultButtonModel.fireActionPerformed(DefaultButtonModel.java:405)
	at java.desktop/javax.swing.DefaultButtonModel.setPressed(DefaultButtonModel.java:262)
	at java.desktop/javax.swing.plaf.basic.BasicButtonListener.mouseReleased(BasicButtonListener.java:279)
	at java.desktop/java.awt.Component.processMouseEvent(Component.java:6626)
	at java.desktop/javax.swing.JComponent.processMouseEvent(JComponent.java:3389)
	at java.desktop/java.awt.Component.processEvent(Component.java:6391)
	at java.desktop/java.awt.Container.processEvent(Container.java:2266)
	at java.desktop/java.awt.Component.dispatchEventImpl(Component.java:5001)
	at java.desktop/java.awt.Container.dispatchEventImpl(Container.java:2324)
	at java.desktop/java.awt.Component.dispatchEvent(Component.java:4833)
	at java.desktop/java.awt.LightweightDispatcher.retargetMouseEvent(Container.java:4948)
	at java.desktop/java.awt.LightweightDispatcher.processMouseEvent(Container.java:4575)
	at java.desktop/java.awt.LightweightDispatcher.dispatchEvent(Container.java:4516)
	at java.desktop/java.awt.Container.dispatchEventImpl(Container.java:2310)
	at java.desktop/java.awt.Window.dispatchEventImpl(Window.java:2780)
	at java.desktop/java.awt.Component.dispatchEvent(Component.java:4833)
	at java.desktop/java.awt.EventQueue.dispatchEventImpl(EventQueue.java:775)
	at java.desktop/java.awt.EventQueue$4.run(EventQueue.java:720)
	at java.desktop/java.awt.EventQueue$4.run(EventQueue.java:714)
	at java.base/java.security.AccessController.doPrivileged(AccessController.java:399)
	at java.base/java.security.ProtectionDomain$JavaSecurityAccessImpl.doIntersectionPrivilege(ProtectionDomain.java:86)
	at java.base/java.security.ProtectionDomain$JavaSecurityAccessImpl.doIntersectionPrivilege(ProtectionDomain.java:97)
	at java.desktop/java.awt.EventQueue$5.run(EventQueue.java:747)
	at java.desktop/java.awt.EventQueue$5.run(EventQueue.java:745)
	at java.base/java.security.AccessController.doPrivileged(AccessController.java:399)
	at java.base/java.security.ProtectionDomain$JavaSecurityAccessImpl.doIntersectionPrivilege(ProtectionDomain.java:86)
	at java.desktop/java.awt.EventQueue.dispatchEvent(EventQueue.java:744)
	at java.desktop/java.awt.EventDispatchThread.pumpOneEventForFilters(EventDispatchThread.java:203)
	at java.desktop/java.awt.EventDispatchThread.pumpEventsForFilter(EventDispatchThread.java:124)
	at java.desktop/java.awt.EventDispatchThread.pumpEventsForHierarchy(EventDispatchThread.java:113)
	at java.desktop/java.awt.EventDispatchThread.pumpEvents(EventDispatchThread.java:109)
	at java.desktop/java.awt.EventDispatchThread.pumpEvents(EventDispatchThread.java:101)
	at java.desktop/java.awt.EventDispatchThread.run(EventDispatchThread.java:90)

[2024-03-03 12:54:34 #20 load] 
Request set: {}

[2024-03-03 12:54:38 #21 load] 
[ObjectDB 2.6.9_09] Unexpected exception (Error 990)
  Generated by OpenJDK 64-Bit Server VM 17.0.9 (on Windows 10 10.0).
Please report this error on http://www.objectdb.com/database/issue/new
com.objectdb.o.InternalException: Unexpected request domain.Bidaiaria:'driver3@gmail.com'
com.objectdb.o.InternalException: Unexpected request domain.Bidaiaria:'driver3@gmail.com'
	at com.objectdb.o.LDR.Vz(LDR.java:1030)
	at com.objectdb.o.CST.ae(CST.java:605)
	at com.objectdb.o.CST.U6(CST.java:505)
	at com.objectdb.o.LDR.G(LDR.java:556)
	at com.objectdb.o.LDR.F(LDR.java:473)
	at com.objectdb.o.LDR.A(LDR.java:272)
	at com.objectdb.o.OBC.aO(OBC.java:1061)
	at com.objectdb.o.OBC.aM(OBC.java:979)
	at com.objectdb.jpa.EMImpl.find(EMImpl.java:599)
	at com.objectdb.jpa.EMImpl.find(EMImpl.java:519)
	at dataAccess.DataAccess.diruaAtera(DataAccess.java:155)
	at businessLogic.BLFacadeImplementation.diruaAtera(BLFacadeImplementation.java:127)
	at gui.DiruaSartuAteraGUI$4.actionPerformed(DiruaSartuAteraGUI.java:106)
	at java.desktop/javax.swing.AbstractButton.fireActionPerformed(AbstractButton.java:1972)
	at java.desktop/javax.swing.AbstractButton$Handler.actionPerformed(AbstractButton.java:2313)
	at java.desktop/javax.swing.DefaultButtonModel.fireActionPerformed(DefaultButtonModel.java:405)
	at java.desktop/javax.swing.DefaultButtonModel.setPressed(DefaultButtonModel.java:262)
	at java.desktop/javax.swing.plaf.basic.BasicButtonListener.mouseReleased(BasicButtonListener.java:279)
	at java.desktop/java.awt.Component.processMouseEvent(Component.java:6626)
	at java.desktop/javax.swing.JComponent.processMouseEvent(JComponent.java:3389)
	at java.desktop/java.awt.Component.processEvent(Component.java:6391)
	at java.desktop/java.awt.Container.processEvent(Container.java:2266)
	at java.desktop/java.awt.Component.dispatchEventImpl(Component.java:5001)
	at java.desktop/java.awt.Container.dispatchEventImpl(Container.java:2324)
	at java.desktop/java.awt.Component.dispatchEvent(Component.java:4833)
	at java.desktop/java.awt.LightweightDispatcher.retargetMouseEvent(Container.java:4948)
	at java.desktop/java.awt.LightweightDispatcher.processMouseEvent(Container.java:4575)
	at java.desktop/java.awt.LightweightDispatcher.dispatchEvent(Container.java:4516)
	at java.desktop/java.awt.Container.dispatchEventImpl(Container.java:2310)
	at java.desktop/java.awt.Window.dispatchEventImpl(Window.java:2780)
	at java.desktop/java.awt.Component.dispatchEvent(Component.java:4833)
	at java.desktop/java.awt.EventQueue.dispatchEventImpl(EventQueue.java:775)
	at java.desktop/java.awt.EventQueue$4.run(EventQueue.java:720)
	at java.desktop/java.awt.EventQueue$4.run(EventQueue.java:714)
	at java.base/java.security.AccessController.doPrivileged(AccessController.java:399)
	at java.base/java.security.ProtectionDomain$JavaSecurityAccessImpl.doIntersectionPrivilege(ProtectionDomain.java:86)
	at java.base/java.security.ProtectionDomain$JavaSecurityAccessImpl.doIntersectionPrivilege(ProtectionDomain.java:97)
	at java.desktop/java.awt.EventQueue$5.run(EventQueue.java:747)
	at java.desktop/java.awt.EventQueue$5.run(EventQueue.java:745)
	at java.base/java.security.AccessController.doPrivileged(AccessController.java:399)
	at java.base/java.security.ProtectionDomain$JavaSecurityAccessImpl.doIntersectionPrivilege(ProtectionDomain.java:86)
	at java.desktop/java.awt.EventQueue.dispatchEvent(EventQueue.java:744)
	at java.desktop/java.awt.EventDispatchThread.pumpOneEventForFilters(EventDispatchThread.java:203)
	at java.desktop/java.awt.EventDispatchThread.pumpEventsForFilter(EventDispatchThread.java:124)
	at java.desktop/java.awt.EventDispatchThread.pumpEventsForHierarchy(EventDispatchThread.java:113)
	at java.desktop/java.awt.EventDispatchThread.pumpEvents(EventDispatchThread.java:109)
	at java.desktop/java.awt.EventDispatchThread.pumpEvents(EventDispatchThread.java:101)
	at java.desktop/java.awt.EventDispatchThread.run(EventDispatchThread.java:90)

[2024-03-03 12:54:38 #22 load] 
Request set: {}

[2024-03-03 12:54:43 #23 load] 
[ObjectDB 2.6.9_09] Unexpected exception (Error 990)
  Generated by OpenJDK 64-Bit Server VM 17.0.9 (on Windows 10 10.0).
Please report this error on http://www.objectdb.com/database/issue/new
com.objectdb.o.InternalException: Unexpected request domain.Bidaiaria:'driver3@gmail.com'
com.objectdb.o.InternalException: Unexpected request domain.Bidaiaria:'driver3@gmail.com'
	at com.objectdb.o.LDR.Vz(LDR.java:1030)
	at com.objectdb.o.CST.ae(CST.java:605)
	at com.objectdb.o.CST.U6(CST.java:505)
	at com.objectdb.o.LDR.G(LDR.java:556)
	at com.objectdb.o.LDR.F(LDR.java:473)
	at com.objectdb.o.LDR.A(LDR.java:272)
	at com.objectdb.o.OBC.aO(OBC.java:1061)
	at com.objectdb.o.OBC.aM(OBC.java:979)
	at com.objectdb.jpa.EMImpl.find(EMImpl.java:599)
	at com.objectdb.jpa.EMImpl.find(EMImpl.java:519)
	at dataAccess.DataAccess.diruaAtera(DataAccess.java:155)
	at businessLogic.BLFacadeImplementation.diruaAtera(BLFacadeImplementation.java:127)
	at gui.DiruaSartuAteraGUI$4.actionPerformed(DiruaSartuAteraGUI.java:106)
	at java.desktop/javax.swing.AbstractButton.fireActionPerformed(AbstractButton.java:1972)
	at java.desktop/javax.swing.AbstractButton$Handler.actionPerformed(AbstractButton.java:2313)
	at java.desktop/javax.swing.DefaultButtonModel.fireActionPerformed(DefaultButtonModel.java:405)
	at java.desktop/javax.swing.DefaultButtonModel.setPressed(DefaultButtonModel.java:262)
	at java.desktop/javax.swing.plaf.basic.BasicButtonListener.mouseReleased(BasicButtonListener.java:279)
	at java.desktop/java.awt.Component.processMouseEvent(Component.java:6626)
	at java.desktop/javax.swing.JComponent.processMouseEvent(JComponent.java:3389)
	at java.desktop/java.awt.Component.processEvent(Component.java:6391)
	at java.desktop/java.awt.Container.processEvent(Container.java:2266)
	at java.desktop/java.awt.Component.dispatchEventImpl(Component.java:5001)
	at java.desktop/java.awt.Container.dispatchEventImpl(Container.java:2324)
	at java.desktop/java.awt.Component.dispatchEvent(Component.java:4833)
	at java.desktop/java.awt.LightweightDispatcher.retargetMouseEvent(Container.java:4948)
	at java.desktop/java.awt.LightweightDispatcher.processMouseEvent(Container.java:4575)
	at java.desktop/java.awt.LightweightDispatcher.dispatchEvent(Container.java:4516)
	at java.desktop/java.awt.Container.dispatchEventImpl(Container.java:2310)
	at java.desktop/java.awt.Window.dispatchEventImpl(Window.java:2780)
	at java.desktop/java.awt.Component.dispatchEvent(Component.java:4833)
	at java.desktop/java.awt.EventQueue.dispatchEventImpl(EventQueue.java:775)
	at java.desktop/java.awt.EventQueue$4.run(EventQueue.java:720)
	at java.desktop/java.awt.EventQueue$4.run(EventQueue.java:714)
	at java.base/java.security.AccessController.doPrivileged(AccessController.java:399)
	at java.base/java.security.ProtectionDomain$JavaSecurityAccessImpl.doIntersectionPrivilege(ProtectionDomain.java:86)
	at java.base/java.security.ProtectionDomain$JavaSecurityAccessImpl.doIntersectionPrivilege(ProtectionDomain.java:97)
	at java.desktop/java.awt.EventQueue$5.run(EventQueue.java:747)
	at java.desktop/java.awt.EventQueue$5.run(EventQueue.java:745)
	at java.base/java.security.AccessController.doPrivileged(AccessController.java:399)
	at java.base/java.security.ProtectionDomain$JavaSecurityAccessImpl.doIntersectionPrivilege(ProtectionDomain.java:86)
	at java.desktop/java.awt.EventQueue.dispatchEvent(EventQueue.java:744)
	at java.desktop/java.awt.EventDispatchThread.pumpOneEventForFilters(EventDispatchThread.java:203)
	at java.desktop/java.awt.EventDispatchThread.pumpEventsForFilter(EventDispatchThread.java:124)
	at java.desktop/java.awt.EventDispatchThread.pumpEventsForHierarchy(EventDispatchThread.java:113)
	at java.desktop/java.awt.EventDispatchThread.pumpEvents(EventDispatchThread.java:109)
	at java.desktop/java.awt.EventDispatchThread.pumpEvents(EventDispatchThread.java:101)
	at java.desktop/java.awt.EventDispatchThread.run(EventDispatchThread.java:90)

[2024-03-03 12:54:43 #24 load] 
Request set: {}

[2024-03-03 12:55:04 #3 store] 
Database 'C:\Users\jonoo\Desktop\Cosas\Nueva carpeta\Rides24\src\main\resources\db\src\main\resources\rides.temp' is closed by 11972@DESKTOP-77D9MUV

