------------------------------------------------------------------------------------------------------------------------

[2024-03-07 15:41:16 #1 server] 
Server on port 6136 has started by 16480@Kilker2004

[2024-03-07 15:41:29 #2 store] 
Database 'C:\Users\Kilke\OneDrive\Escritorio\2.iterazioa\Rides24\src\main\resources\db\src\main\resources\rides.temp' is opened by 16480@Kilker2004

------------------------------------------------------------------------------------------------------------------------

[2024-03-07 15:41:30 #1 type] 
Type domain.User is not enhanced.

[2024-03-07 15:41:30 #2 type] 
Type domain.Driver is not enhanced.

[2024-03-07 15:41:30 #3 type] 
Type domain.Ride is not enhanced.

[2024-03-07 15:41:30 #4 type] 
Type domain.Bidaiaria is not enhanced.

[2024-03-07 15:41:36 #3 store] 
Database 'C:\Users\Kilke\OneDrive\Escritorio\2.iterazioa\Rides24\src\main\resources\db\src\main\resources\rides.temp' is closed by 16480@Kilker2004

[2024-03-07 15:41:46 #4 store] 
Database 'C:\Users\Kilke\OneDrive\Escritorio\2.iterazioa\Rides24\src\main\resources\db\src\main\resources\rides.temp' is opened by 16480@Kilker2004

------------------------------------------------------------------------------------------------------------------------

[2024-03-07 15:41:46 #1 type] 
Type domain.User is not enhanced.

[2024-03-07 15:41:46 #2 type] 
Type domain.Driver is not enhanced.

[2024-03-07 15:41:46 #3 type] 
Type domain.Ride is not enhanced.

[2024-03-07 15:41:46 #4 type] 
Type domain.Bidaiaria is not enhanced.

[2024-03-07 15:41:50 #5 store] 
Database 'C:\Users\Kilke\OneDrive\Escritorio\2.iterazioa\Rides24\src\main\resources\db\src\main\resources\rides.temp' is closed by 16480@Kilker2004

[2024-03-07 15:53:48 #6 store] 
Database 'C:\Users\Kilke\OneDrive\Escritorio\2.iterazioa\Rides24\src\main\resources\db\src\main\resources\rides.temp' is opened by 16480@Kilker2004

------------------------------------------------------------------------------------------------------------------------

[2024-03-07 15:53:49 #1 type] 
Type domain.User is not enhanced.

[2024-03-07 15:53:49 #2 type] 
Type domain.Driver is not enhanced.

[2024-03-07 15:53:49 #3 type] 
Type domain.Ride is not enhanced.

[2024-03-07 15:53:49 #4 type] 
Type domain.Bidaiaria is not enhanced.

[2024-03-07 16:03:15 #7 store] 
Database 'C:\Users\Kilke\OneDrive\Escritorio\2.iterazioa\Rides24\src\main\resources\db\src\main\resources\rides.temp' is closed by 16480@Kilker2004

[2024-03-07 16:04:14 #8 store] 
Database 'C:\Users\Kilke\OneDrive\Escritorio\2.iterazioa\Rides24\src\main\resources\db\src\main\resources\rides.temp' is opened by 16480@Kilker2004

------------------------------------------------------------------------------------------------------------------------

[2024-03-07 16:04:14 #1 type] 
Type domain.User is not enhanced.

[2024-03-07 16:04:14 #2 type] 
Type domain.Driver is not enhanced.

[2024-03-07 16:04:14 #3 type] 
Type domain.Ride is not enhanced.

[2024-03-07 16:04:14 #4 type] 
Type domain.Bidaiaria is not enhanced.

[2024-03-07 16:04:23 #9 store] 
Database 'C:\Users\Kilke\OneDrive\Escritorio\2.iterazioa\Rides24\src\main\resources\db\src\main\resources\rides.temp' is closed by 16480@Kilker2004

[2024-03-07 16:43:51 #10 server] 
Server on port 6136 has stopped by 16480@Kilker2004

